<?xml version="1.0" ?>
<!DOCTYPE coverage SYSTEM "http://cobertura.sourceforge.net/xml/coverage-04.dtd">
<coverage lines-valid="7514"  lines-covered="4933"  line-rate="0.6565000000000001"  branches-valid="3538"  branches-covered="1768"  branch-rate="0.4997"  timestamp="1449169595074" complexity="0" version="0.1">
<sources>
	<source>/Users/iojha/Desktop/projects/angular-google-maps</source>
</sources>
<packages>
	<package name="dist"  line-rate="0.6565000000000001"  branch-rate="0.4997" >
	<classes>
		<class name="angular-google-maps.js"  filename="dist/angular-google-maps.js"  line-rate="0.6565000000000001"  branch-rate="0.4997" >
		<methods>
			<method name="(anonymous_1)"  hits="1"  signature="()V" >
				<lines><line number="6"  hits="1" /></lines>
			</method>
			<method name="(anonymous_2)"  hits="1"  signature="()V" >
				<lines><line number="40"  hits="1" /></lines>
			</method>
			<method name="(anonymous_3)"  hits="1"  signature="()V" >
				<lines><line number="64"  hits="1" /></lines>
			</method>
			<method name="(anonymous_4)"  hits="54"  signature="()V" >
				<lines><line number="66"  hits="54" /></lines>
			</method>
			<method name="(anonymous_5)"  hits="3"  signature="()V" >
				<lines><line number="69"  hits="3" /></lines>
			</method>
			<method name="(anonymous_6)"  hits="3"  signature="()V" >
				<lines><line number="80"  hits="3" /></lines>
			</method>
			<method name="(anonymous_7)"  hits="14"  signature="()V" >
				<lines><line number="86"  hits="14" /></lines>
			</method>
			<method name="(anonymous_8)"  hits="55"  signature="()V" >
				<lines><line number="100"  hits="55" /></lines>
			</method>
			<method name="(anonymous_9)"  hits="54"  signature="()V" >
				<lines><line number="104"  hits="54" /></lines>
			</method>
			<method name="(anonymous_10)"  hits="0"  signature="()V" >
				<lines><line number="112"  hits="0" /></lines>
			</method>
			<method name="(anonymous_11)"  hits="1"  signature="()V" >
				<lines><line number="117"  hits="1" /></lines>
			</method>
			<method name="(anonymous_12)"  hits="236"  signature="()V" >
				<lines><line number="129"  hits="236" /></lines>
			</method>
			<method name="(anonymous_13)"  hits="3"  signature="()V" >
				<lines><line number="138"  hits="3" /></lines>
			</method>
			<method name="(anonymous_14)"  hits="236"  signature="()V" >
				<lines><line number="142"  hits="236" /></lines>
			</method>
			<method name="(anonymous_15)"  hits="51"  signature="()V" >
				<lines><line number="143"  hits="51" /></lines>
			</method>
			<method name="(anonymous_16)"  hits="1"  signature="()V" >
				<lines><line number="152"  hits="1" /></lines>
			</method>
			<method name="(anonymous_17)"  hits="0"  signature="()V" >
				<lines><line number="153"  hits="0" /></lines>
			</method>
			<method name="(anonymous_18)"  hits="0"  signature="()V" >
				<lines><line number="153"  hits="0" /></lines>
			</method>
			<method name="(anonymous_19)"  hits="41"  signature="()V" >
				<lines><line number="154"  hits="41" /></lines>
			</method>
			<method name="ctor"  hits="41"  signature="()V" >
				<lines><line number="154"  hits="41" /></lines>
			</method>
			<method name="(anonymous_21)"  hits="42"  signature="()V" >
				<lines><line number="157"  hits="42" /></lines>
			</method>
			<method name="(anonymous_22)"  hits="41"  signature="()V" >
				<lines><line number="159"  hits="41" /></lines>
			</method>
			<method name="(anonymous_23)"  hits="0"  signature="()V" >
				<lines><line number="167"  hits="0" /></lines>
			</method>
			<method name="(anonymous_24)"  hits="0"  signature="()V" >
				<lines><line number="174"  hits="0" /></lines>
			</method>
			<method name="(anonymous_25)"  hits="9"  signature="()V" >
				<lines><line number="181"  hits="9" /></lines>
			</method>
			<method name="(anonymous_26)"  hits="0"  signature="()V" >
				<lines><line number="200"  hits="0" /></lines>
			</method>
			<method name="(anonymous_27)"  hits="0"  signature="()V" >
				<lines><line number="204"  hits="0" /></lines>
			</method>
			<method name="(anonymous_28)"  hits="0"  signature="()V" >
				<lines><line number="208"  hits="0" /></lines>
			</method>
			<method name="(anonymous_29)"  hits="41"  signature="()V" >
				<lines><line number="218"  hits="41" /></lines>
			</method>
			<method name="uiGmapInfoBox"  hits="0"  signature="()V" >
				<lines><line number="221"  hits="0" /></lines>
			</method>
			<method name="(anonymous_31)"  hits="0"  signature="()V" >
				<lines><line number="232"  hits="0" /></lines>
			</method>
			<method name="(anonymous_32)"  hits="0"  signature="()V" >
				<lines><line number="236"  hits="0" /></lines>
			</method>
			<method name="(anonymous_33)"  hits="0"  signature="()V" >
				<lines><line number="243"  hits="0" /></lines>
			</method>
			<method name="(anonymous_34)"  hits="0"  signature="()V" >
				<lines><line number="265"  hits="0" /></lines>
			</method>
			<method name="(anonymous_35)"  hits="1"  signature="()V" >
				<lines><line number="290"  hits="1" /></lines>
			</method>
			<method name="(anonymous_36)"  hits="76"  signature="()V" >
				<lines><line number="291"  hits="76" /></lines>
			</method>
			<method name="(anonymous_37)"  hits="0"  signature="()V" >
				<lines><line number="305"  hits="0" /></lines>
			</method>
			<method name="(anonymous_38)"  hits="0"  signature="()V" >
				<lines><line number="321"  hits="0" /></lines>
			</method>
			<method name="(anonymous_39)"  hits="0"  signature="()V" >
				<lines><line number="336"  hits="0" /></lines>
			</method>
			<method name="(anonymous_40)"  hits="0"  signature="()V" >
				<lines><line number="342"  hits="0" /></lines>
			</method>
			<method name="(anonymous_41)"  hits="0"  signature="()V" >
				<lines><line number="358"  hits="0" /></lines>
			</method>
			<method name="(anonymous_42)"  hits="0"  signature="()V" >
				<lines><line number="402"  hits="0" /></lines>
			</method>
			<method name="(anonymous_43)"  hits="5"  signature="()V" >
				<lines><line number="419"  hits="5" /></lines>
			</method>
			<method name="(anonymous_44)"  hits="5"  signature="()V" >
				<lines><line number="424"  hits="5" /></lines>
			</method>
			<method name="(anonymous_45)"  hits="15"  signature="()V" >
				<lines><line number="425"  hits="15" /></lines>
			</method>
			<method name="(anonymous_46)"  hits="30"  signature="()V" >
				<lines><line number="426"  hits="30" /></lines>
			</method>
			<method name="(anonymous_47)"  hits="15"  signature="()V" >
				<lines><line number="435"  hits="15" /></lines>
			</method>
			<method name="(anonymous_48)"  hits="17"  signature="()V" >
				<lines><line number="439"  hits="17" /></lines>
			</method>
			<method name="(anonymous_49)"  hits="17"  signature="()V" >
				<lines><line number="446"  hits="17" /></lines>
			</method>
			<method name="(anonymous_50)"  hits="34"  signature="()V" >
				<lines><line number="447"  hits="34" /></lines>
			</method>
			<method name="(anonymous_51)"  hits="6"  signature="()V" >
				<lines><line number="456"  hits="6" /></lines>
			</method>
			<method name="(anonymous_52)"  hits="6"  signature="()V" >
				<lines><line number="460"  hits="6" /></lines>
			</method>
			<method name="(anonymous_53)"  hits="17"  signature="()V" >
				<lines><line number="461"  hits="17" /></lines>
			</method>
			<method name="(anonymous_54)"  hits="5"  signature="()V" >
				<lines><line number="467"  hits="5" /></lines>
			</method>
			<method name="(anonymous_55)"  hits="0"  signature="()V" >
				<lines><line number="496"  hits="0" /></lines>
			</method>
			<method name="(anonymous_56)"  hits="1"  signature="()V" >
				<lines><line number="503"  hits="1" /></lines>
			</method>
			<method name="(anonymous_57)"  hits="0"  signature="()V" >
				<lines><line number="504"  hits="0" /></lines>
			</method>
			<method name="(anonymous_58)"  hits="0"  signature="()V" >
				<lines><line number="505"  hits="0" /></lines>
			</method>
			<method name="(anonymous_59)"  hits="0"  signature="()V" >
				<lines><line number="506"  hits="0" /></lines>
			</method>
			<method name="(anonymous_60)"  hits="1"  signature="()V" >
				<lines><line number="514"  hits="1" /></lines>
			</method>
			<method name="(anonymous_61)"  hits="9"  signature="()V" >
				<lines><line number="516"  hits="9" /></lines>
			</method>
			<method name="(anonymous_62)"  hits="0"  signature="()V" >
				<lines><line number="518"  hits="0" /></lines>
			</method>
			<method name="(anonymous_63)"  hits="0"  signature="()V" >
				<lines><line number="522"  hits="0" /></lines>
			</method>
			<method name="(anonymous_64)"  hits="0"  signature="()V" >
				<lines><line number="525"  hits="0" /></lines>
			</method>
			<method name="(anonymous_65)"  hits="42"  signature="()V" >
				<lines><line number="533"  hits="42" /></lines>
			</method>
			<method name="(anonymous_66)"  hits="21"  signature="()V" >
				<lines><line number="540"  hits="21" /></lines>
			</method>
			<method name="(anonymous_67)"  hits="4"  signature="()V" >
				<lines><line number="550"  hits="4" /></lines>
			</method>
			<method name="(anonymous_68)"  hits="4"  signature="()V" >
				<lines><line number="557"  hits="4" /></lines>
			</method>
			<method name="(anonymous_69)"  hits="22"  signature="()V" >
				<lines><line number="613"  hits="22" /></lines>
			</method>
			<method name="(anonymous_70)"  hits="3"  signature="()V" >
				<lines><line number="624"  hits="3" /></lines>
			</method>
			<method name="(anonymous_71)"  hits="3"  signature="()V" >
				<lines><line number="630"  hits="3" /></lines>
			</method>
			<method name="(anonymous_72)"  hits="22"  signature="()V" >
				<lines><line number="635"  hits="22" /></lines>
			</method>
			<method name="(anonymous_73)"  hits="0"  signature="()V" >
				<lines><line number="640"  hits="0" /></lines>
			</method>
			<method name="(anonymous_74)"  hits="4556"  signature="()V" >
				<lines><line number="652"  hits="4556" /></lines>
			</method>
			<method name="(anonymous_75)"  hits="4556"  signature="()V" >
				<lines><line number="662"  hits="4556" /></lines>
			</method>
			<method name="(anonymous_76)"  hits="4517"  signature="()V" >
				<lines><line number="675"  hits="4517" /></lines>
			</method>
			<method name="(anonymous_77)"  hits="85"  signature="()V" >
				<lines><line number="684"  hits="85" /></lines>
			</method>
			<method name="(anonymous_78)"  hits="23324"  signature="()V" >
				<lines><line number="689"  hits="23324" /></lines>
			</method>
			<method name="(anonymous_79)"  hits="58"  signature="()V" >
				<lines><line number="716"  hits="58" /></lines>
			</method>
			<method name="(anonymous_80)"  hits="58"  signature="()V" >
				<lines><line number="717"  hits="58" /></lines>
			</method>
			<method name="(anonymous_81)"  hits="39"  signature="()V" >
				<lines><line number="738"  hits="39" /></lines>
			</method>
			<method name="(anonymous_82)"  hits="25"  signature="()V" >
				<lines><line number="748"  hits="25" /></lines>
			</method>
			<method name="(anonymous_83)"  hits="6"  signature="()V" >
				<lines><line number="768"  hits="6" /></lines>
			</method>
			<method name="(anonymous_84)"  hits="19"  signature="()V" >
				<lines><line number="771"  hits="19" /></lines>
			</method>
			<method name="(anonymous_85)"  hits="2"  signature="()V" >
				<lines><line number="776"  hits="2" /></lines>
			</method>
			<method name="(anonymous_86)"  hits="0"  signature="()V" >
				<lines><line number="779"  hits="0" /></lines>
			</method>
			<method name="(anonymous_87)"  hits="2"  signature="()V" >
				<lines><line number="781"  hits="2" /></lines>
			</method>
			<method name="(anonymous_88)"  hits="2000"  signature="()V" >
				<lines><line number="782"  hits="2000" /></lines>
			</method>
			<method name="(anonymous_89)"  hits="2"  signature="()V" >
				<lines><line number="784"  hits="2" /></lines>
			</method>
			<method name="(anonymous_90)"  hits="33"  signature="()V" >
				<lines><line number="795"  hits="33" /></lines>
			</method>
			<method name="(anonymous_91)"  hits="1"  signature="()V" >
				<lines><line number="812"  hits="1" /></lines>
			</method>
			<method name="(anonymous_92)"  hits="0"  signature="()V" >
				<lines><line number="813"  hits="0" /></lines>
			</method>
			<method name="(anonymous_93)"  hits="102"  signature="()V" >
				<lines><line number="815"  hits="102" /></lines>
			</method>
			<method name="(anonymous_94)"  hits="102"  signature="()V" >
				<lines><line number="818"  hits="102" /></lines>
			</method>
			<method name="BaseObject"  hits="59"  signature="()V" >
				<lines><line number="819"  hits="59" /></lines>
			</method>
			<method name="(anonymous_96)"  hits="64"  signature="()V" >
				<lines><line number="821"  hits="64" /></lines>
			</method>
			<method name="(anonymous_97)"  hits="260"  signature="()V" >
				<lines><line number="835"  hits="260" /></lines>
			</method>
			<method name="(anonymous_98)"  hits="1"  signature="()V" >
				<lines><line number="864"  hits="1" /></lines>
			</method>
			<method name="(anonymous_99)"  hits="6"  signature="()V" >
				<lines><line number="865"  hits="6" /></lines>
			</method>
			<method name="(anonymous_100)"  hits="0"  signature="()V" >
				<lines><line number="867"  hits="0" /></lines>
			</method>
			<method name="(anonymous_101)"  hits="1"  signature="()V" >
				<lines><line number="872"  hits="1" /></lines>
			</method>
			<method name="(anonymous_102)"  hits="79"  signature="()V" >
				<lines><line number="874"  hits="79" /></lines>
			</method>
			<method name="(anonymous_103)"  hits="56"  signature="()V" >
				<lines><line number="877"  hits="56" /></lines>
			</method>
			<method name="(anonymous_104)"  hits="0"  signature="()V" >
				<lines><line number="878"  hits="0" /></lines>
			</method>
			<method name="(anonymous_105)"  hits="42"  signature="()V" >
				<lines><line number="883"  hits="42" /></lines>
			</method>
			<method name="(anonymous_106)"  hits="24"  signature="()V" >
				<lines><line number="888"  hits="24" /></lines>
			</method>
			<method name="(anonymous_107)"  hits="24"  signature="()V" >
				<lines><line number="891"  hits="24" /></lines>
			</method>
			<method name="(anonymous_108)"  hits="1"  signature="()V" >
				<lines><line number="901"  hits="1" /></lines>
			</method>
			<method name="(anonymous_109)"  hits="86"  signature="()V" >
				<lines><line number="903"  hits="86" /></lines>
			</method>
			<method name="(anonymous_110)"  hits="119"  signature="()V" >
				<lines><line number="905"  hits="119" /></lines>
			</method>
			<method name="(anonymous_111)"  hits="88"  signature="()V" >
				<lines><line number="908"  hits="88" /></lines>
			</method>
			<method name="(anonymous_112)"  hits="88"  signature="()V" >
				<lines><line number="917"  hits="88" /></lines>
			</method>
			<method name="(anonymous_113)"  hits="116"  signature="()V" >
				<lines><line number="921"  hits="116" /></lines>
			</method>
			<method name="(anonymous_114)"  hits="13"  signature="()V" >
				<lines><line number="927"  hits="13" /></lines>
			</method>
			<method name="(anonymous_115)"  hits="0"  signature="()V" >
				<lines><line number="929"  hits="0" /></lines>
			</method>
			<method name="(anonymous_116)"  hits="8"  signature="()V" >
				<lines><line number="937"  hits="8" /></lines>
			</method>
			<method name="(anonymous_117)"  hits="1"  signature="()V" >
				<lines><line number="954"  hits="1" /></lines>
			</method>
			<method name="(anonymous_118)"  hits="40"  signature="()V" >
				<lines><line number="956"  hits="40" /></lines>
			</method>
			<method name="(anonymous_119)"  hits="0"  signature="()V" >
				<lines><line number="958"  hits="0" /></lines>
			</method>
			<method name="(anonymous_120)"  hits="1"  signature="()V" >
				<lines><line number="983"  hits="1" /></lines>
			</method>
			<method name="(anonymous_121)"  hits="168"  signature="()V" >
				<lines><line number="985"  hits="168" /></lines>
			</method>
			<method name="(anonymous_122)"  hits="108"  signature="()V" >
				<lines><line number="987"  hits="108" /></lines>
			</method>
			<method name="(anonymous_123)"  hits="60"  signature="()V" >
				<lines><line number="990"  hits="60" /></lines>
			</method>
			<method name="(anonymous_124)"  hits="14"  signature="()V" >
				<lines><line number="993"  hits="14" /></lines>
			</method>
			<method name="(anonymous_125)"  hits="8"  signature="()V" >
				<lines><line number="1002"  hits="8" /></lines>
			</method>
			<method name="(anonymous_126)"  hits="104"  signature="()V" >
				<lines><line number="1011"  hits="104" /></lines>
			</method>
			<method name="(anonymous_127)"  hits="124"  signature="()V" >
				<lines><line number="1023"  hits="124" /></lines>
			</method>
			<method name="(anonymous_128)"  hits="0"  signature="()V" >
				<lines><line number="1042"  hits="0" /></lines>
			</method>
			<method name="(anonymous_129)"  hits="7"  signature="()V" >
				<lines><line number="1058"  hits="7" /></lines>
			</method>
			<method name="(anonymous_130)"  hits="7"  signature="()V" >
				<lines><line number="1070"  hits="7" /></lines>
			</method>
			<method name="(anonymous_131)"  hits="7"  signature="()V" >
				<lines><line number="1099"  hits="7" /></lines>
			</method>
			<method name="(anonymous_132)"  hits="33"  signature="()V" >
				<lines><line number="1117"  hits="33" /></lines>
			</method>
			<method name="(anonymous_133)"  hits="15"  signature="()V" >
				<lines><line number="1121"  hits="15" /></lines>
			</method>
			<method name="(anonymous_134)"  hits="7"  signature="()V" >
				<lines><line number="1126"  hits="7" /></lines>
			</method>
			<method name="(anonymous_135)"  hits="13"  signature="()V" >
				<lines><line number="1129"  hits="13" /></lines>
			</method>
			<method name="(anonymous_136)"  hits="0"  signature="()V" >
				<lines><line number="1157"  hits="0" /></lines>
			</method>
			<method name="(anonymous_137)"  hits="10"  signature="()V" >
				<lines><line number="1185"  hits="10" /></lines>
			</method>
			<method name="(anonymous_138)"  hits="0"  signature="()V" >
				<lines><line number="1209"  hits="0" /></lines>
			</method>
			<method name="(anonymous_139)"  hits="12"  signature="()V" >
				<lines><line number="1226"  hits="12" /></lines>
			</method>
			<method name="(anonymous_140)"  hits="17"  signature="()V" >
				<lines><line number="1232"  hits="17" /></lines>
			</method>
			<method name="(anonymous_141)"  hits="0"  signature="()V" >
				<lines><line number="1239"  hits="0" /></lines>
			</method>
			<method name="(anonymous_142)"  hits="0"  signature="()V" >
				<lines><line number="1245"  hits="0" /></lines>
			</method>
			<method name="(anonymous_143)"  hits="0"  signature="()V" >
				<lines><line number="1250"  hits="0" /></lines>
			</method>
			<method name="(anonymous_144)"  hits="1"  signature="()V" >
				<lines><line number="1258"  hits="1" /></lines>
			</method>
			<method name="(anonymous_145)"  hits="37"  signature="()V" >
				<lines><line number="1260"  hits="37" /></lines>
			</method>
			<method name="(anonymous_146)"  hits="0"  signature="()V" >
				<lines><line number="1264"  hits="0" /></lines>
			</method>
			<method name="(anonymous_147)"  hits="0"  signature="()V" >
				<lines><line number="1267"  hits="0" /></lines>
			</method>
			<method name="(anonymous_148)"  hits="0"  signature="()V" >
				<lines><line number="1268"  hits="0" /></lines>
			</method>
			<method name="(anonymous_149)"  hits="46"  signature="()V" >
				<lines><line number="1281"  hits="46" /></lines>
			</method>
			<method name="(anonymous_150)"  hits="0"  signature="()V" >
				<lines><line number="1292"  hits="0" /></lines>
			</method>
			<method name="(anonymous_151)"  hits="0"  signature="()V" >
				<lines><line number="1295"  hits="0" /></lines>
			</method>
			<method name="(anonymous_152)"  hits="0"  signature="()V" >
				<lines><line number="1307"  hits="0" /></lines>
			</method>
			<method name="(anonymous_153)"  hits="0"  signature="()V" >
				<lines><line number="1311"  hits="0" /></lines>
			</method>
			<method name="(anonymous_154)"  hits="1"  signature="()V" >
				<lines><line number="1324"  hits="1" /></lines>
			</method>
			<method name="(anonymous_155)"  hits="1"  signature="()V" >
				<lines><line number="1325"  hits="1" /></lines>
			</method>
			<method name="ctor"  hits="1"  signature="()V" >
				<lines><line number="1325"  hits="1" /></lines>
			</method>
			<method name="(anonymous_157)"  hits="1"  signature="()V" >
				<lines><line number="1329"  hits="1" /></lines>
			</method>
			<method name="(anonymous_158)"  hits="1"  signature="()V" >
				<lines><line number="1331"  hits="1" /></lines>
			</method>
			<method name="Linked"  hits="1"  signature="()V" >
				<lines><line number="1334"  hits="1" /></lines>
			</method>
			<method name="(anonymous_160)"  hits="1"  signature="()V" >
				<lines><line number="1349"  hits="1" /></lines>
			</method>
			<method name="(anonymous_161)"  hits="189"  signature="()V" >
				<lines><line number="1351"  hits="189" /></lines>
			</method>
			<method name="(anonymous_162)"  hits="1"  signature="()V" >
				<lines><line number="1357"  hits="1" /></lines>
			</method>
			<method name="(anonymous_163)"  hits="531"  signature="()V" >
				<lines><line number="1358"  hits="531" /></lines>
			</method>
			<method name="(anonymous_164)"  hits="186"  signature="()V" >
				<lines><line number="1358"  hits="186" /></lines>
			</method>
			<method name="(anonymous_165)"  hits="64"  signature="()V" >
				<lines><line number="1359"  hits="64" /></lines>
			</method>
			<method name="ctor"  hits="64"  signature="()V" >
				<lines><line number="1359"  hits="64" /></lines>
			</method>
			<method name="(anonymous_167)"  hits="64"  signature="()V" >
				<lines><line number="1363"  hits="64" /></lines>
			</method>
			<method name="(anonymous_168)"  hits="64"  signature="()V" >
				<lines><line number="1365"  hits="64" /></lines>
			</method>
			<method name="ModelKey"  hits="59"  signature="()V" >
				<lines><line number="1368"  hits="59" /></lines>
			</method>
			<method name="(anonymous_170)"  hits="14"  signature="()V" >
				<lines><line number="1386"  hits="14" /></lines>
			</method>
			<method name="(anonymous_171)"  hits="8"  signature="()V" >
				<lines><line number="1400"  hits="8" /></lines>
			</method>
			<method name="(anonymous_172)"  hits="4"  signature="()V" >
				<lines><line number="1415"  hits="4" /></lines>
			</method>
			<method name="(anonymous_173)"  hits="14"  signature="()V" >
				<lines><line number="1416"  hits="14" /></lines>
			</method>
			<method name="(anonymous_174)"  hits="20"  signature="()V" >
				<lines><line number="1423"  hits="20" /></lines>
			</method>
			<method name="(anonymous_175)"  hits="0"  signature="()V" >
				<lines><line number="1427"  hits="0" /></lines>
			</method>
			<method name="(anonymous_176)"  hits="0"  signature="()V" >
				<lines><line number="1434"  hits="0" /></lines>
			</method>
			<method name="(anonymous_177)"  hits="130"  signature="()V" >
				<lines><line number="1444"  hits="130" /></lines>
			</method>
			<method name="(anonymous_178)"  hits="1"  signature="()V" >
				<lines><line number="1456"  hits="1" /></lines>
			</method>
			<method name="(anonymous_179)"  hits="406"  signature="()V" >
				<lines><line number="1482"  hits="406" /></lines>
			</method>
			<method name="(anonymous_180)"  hits="406"  signature="()V" >
				<lines><line number="1487"  hits="406" /></lines>
			</method>
			<method name="(anonymous_181)"  hits="0"  signature="()V" >
				<lines><line number="1521"  hits="0" /></lines>
			</method>
			<method name="(anonymous_182)"  hits="2"  signature="()V" >
				<lines><line number="1536"  hits="2" /></lines>
			</method>
			<method name="(anonymous_183)"  hits="0"  signature="()V" >
				<lines><line number="1538"  hits="0" /></lines>
			</method>
			<method name="(anonymous_184)"  hits="2"  signature="()V" >
				<lines><line number="1550"  hits="2" /></lines>
			</method>
			<method name="(anonymous_185)"  hits="21"  signature="()V" >
				<lines><line number="1558"  hits="21" /></lines>
			</method>
			<method name="(anonymous_186)"  hits="1"  signature="()V" >
				<lines><line number="1583"  hits="1" /></lines>
			</method>
			<method name="(anonymous_187)"  hits="23"  signature="()V" >
				<lines><line number="1585"  hits="23" /></lines>
			</method>
			<method name="(anonymous_188)"  hits="19"  signature="()V" >
				<lines><line number="1587"  hits="19" /></lines>
			</method>
			<method name="(anonymous_189)"  hits="11"  signature="()V" >
				<lines><line number="1589"  hits="11" /></lines>
			</method>
			<method name="(anonymous_190)"  hits="11"  signature="()V" >
				<lines><line number="1590"  hits="11" /></lines>
			</method>
			<method name="(anonymous_191)"  hits="2"  signature="()V" >
				<lines><line number="1598"  hits="2" /></lines>
			</method>
			<method name="(anonymous_192)"  hits="4"  signature="()V" >
				<lines><line number="1604"  hits="4" /></lines>
			</method>
			<method name="(anonymous_193)"  hits="4"  signature="()V" >
				<lines><line number="1624"  hits="4" /></lines>
			</method>
			<method name="(anonymous_194)"  hits="1"  signature="()V" >
				<lines><line number="1650"  hits="1" /></lines>
			</method>
			<method name="(anonymous_195)"  hits="89"  signature="()V" >
				<lines><line number="1652"  hits="89" /></lines>
			</method>
			<method name="(anonymous_196)"  hits="89"  signature="()V" >
				<lines><line number="1665"  hits="89" /></lines>
			</method>
			<method name="(anonymous_197)"  hits="1"  signature="()V" >
				<lines><line number="1673"  hits="1" /></lines>
			</method>
			<method name="(anonymous_198)"  hits="0"  signature="()V" >
				<lines><line number="1681"  hits="0" /></lines>
			</method>
			<method name="(anonymous_199)"  hits="21"  signature="()V" >
				<lines><line number="1689"  hits="21" /></lines>
			</method>
			<method name="(anonymous_200)"  hits="8"  signature="()V" >
				<lines><line number="1692"  hits="8" /></lines>
			</method>
			<method name="(anonymous_201)"  hits="0"  signature="()V" >
				<lines><line number="1697"  hits="0" /></lines>
			</method>
			<method name="(anonymous_202)"  hits="1"  signature="()V" >
				<lines><line number="1697"  hits="1" /></lines>
			</method>
			<method name="(anonymous_203)"  hits="4"  signature="()V" >
				<lines><line number="1701"  hits="4" /></lines>
			</method>
			<method name="(anonymous_204)"  hits="1"  signature="()V" >
				<lines><line number="1703"  hits="1" /></lines>
			</method>
			<method name="(anonymous_205)"  hits="1"  signature="()V" >
				<lines><line number="1706"  hits="1" /></lines>
			</method>
			<method name="(anonymous_206)"  hits="1"  signature="()V" >
				<lines><line number="1712"  hits="1" /></lines>
			</method>
			<method name="(anonymous_207)"  hits="22"  signature="()V" >
				<lines><line number="1726"  hits="22" /></lines>
			</method>
			<method name="(anonymous_208)"  hits="53"  signature="()V" >
				<lines><line number="1732"  hits="53" /></lines>
			</method>
			<method name="(anonymous_209)"  hits="12"  signature="()V" >
				<lines><line number="1735"  hits="12" /></lines>
			</method>
			<method name="(anonymous_210)"  hits="2"  signature="()V" >
				<lines><line number="1741"  hits="2" /></lines>
			</method>
			<method name="(anonymous_211)"  hits="2"  signature="()V" >
				<lines><line number="1748"  hits="2" /></lines>
			</method>
			<method name="(anonymous_212)"  hits="1"  signature="()V" >
				<lines><line number="1770"  hits="1" /></lines>
			</method>
			<method name="(anonymous_213)"  hits="891"  signature="()V" >
				<lines><line number="1771"  hits="891" /></lines>
			</method>
			<method name="(anonymous_214)"  hits="262"  signature="()V" >
				<lines><line number="1771"  hits="262" /></lines>
			</method>
			<method name="(anonymous_215)"  hits="127"  signature="()V" >
				<lines><line number="1773"  hits="127" /></lines>
			</method>
			<method name="(anonymous_216)"  hits="127"  signature="()V" >
				<lines><line number="1779"  hits="127" /></lines>
			</method>
			<method name="PropMap"  hits="99"  signature="()V" >
				<lines><line number="1780"  hits="99" /></lines>
			</method>
			<method name="(anonymous_218)"  hits="119"  signature="()V" >
				<lines><line number="1798"  hits="119" /></lines>
			</method>
			<method name="(anonymous_219)"  hits="64"  signature="()V" >
				<lines><line number="1802"  hits="64" /></lines>
			</method>
			<method name="(anonymous_220)"  hits="60"  signature="()V" >
				<lines><line number="1807"  hits="60" /></lines>
			</method>
			<method name="(anonymous_221)"  hits="4"  signature="()V" >
				<lines><line number="1815"  hits="4" /></lines>
			</method>
			<method name="(anonymous_222)"  hits="9"  signature="()V" >
				<lines><line number="1830"  hits="9" /></lines>
			</method>
			<method name="(anonymous_223)"  hits="16"  signature="()V" >
				<lines><line number="1840"  hits="16" /></lines>
			</method>
			<method name="(anonymous_224)"  hits="8"  signature="()V" >
				<lines><line number="1851"  hits="8" /></lines>
			</method>
			<method name="(anonymous_225)"  hits="1"  signature="()V" >
				<lines><line number="1855"  hits="1" /></lines>
			</method>
			<method name="(anonymous_226)"  hits="6"  signature="()V" >
				<lines><line number="1859"  hits="6" /></lines>
			</method>
			<method name="(anonymous_227)"  hits="0"  signature="()V" >
				<lines><line number="1866"  hits="0" /></lines>
			</method>
			<method name="(anonymous_228)"  hits="0"  signature="()V" >
				<lines><line number="1867"  hits="0" /></lines>
			</method>
			<method name="(anonymous_229)"  hits="0"  signature="()V" >
				<lines><line number="1868"  hits="0" /></lines>
			</method>
			<method name="(anonymous_230)"  hits="0"  signature="()V" >
				<lines><line number="1874"  hits="0" /></lines>
			</method>
			<method name="(anonymous_231)"  hits="19"  signature="()V" >
				<lines><line number="1878"  hits="19" /></lines>
			</method>
			<method name="(anonymous_232)"  hits="25"  signature="()V" >
				<lines><line number="1879"  hits="25" /></lines>
			</method>
			<method name="(anonymous_233)"  hits="4"  signature="()V" >
				<lines><line number="1884"  hits="4" /></lines>
			</method>
			<method name="(anonymous_234)"  hits="8"  signature="()V" >
				<lines><line number="1885"  hits="8" /></lines>
			</method>
			<method name="(anonymous_235)"  hits="1"  signature="()V" >
				<lines><line number="1896"  hits="1" /></lines>
			</method>
			<method name="(anonymous_236)"  hits="39"  signature="()V" >
				<lines><line number="1898"  hits="39" /></lines>
			</method>
			<method name="(anonymous_237)"  hits="5"  signature="()V" >
				<lines><line number="1900"  hits="5" /></lines>
			</method>
			<method name="(anonymous_238)"  hits="4"  signature="()V" >
				<lines><line number="1901"  hits="4" /></lines>
			</method>
			<method name="(anonymous_239)"  hits="1"  signature="()V" >
				<lines><line number="1916"  hits="1" /></lines>
			</method>
			<method name="(anonymous_240)"  hits="120"  signature="()V" >
				<lines><line number="1917"  hits="120" /></lines>
			</method>
			<method name="(anonymous_241)"  hits="10"  signature="()V" >
				<lines><line number="1917"  hits="10" /></lines>
			</method>
			<method name="(anonymous_242)"  hits="19"  signature="()V" >
				<lines><line number="1920"  hits="19" /></lines>
			</method>
			<method name="(anonymous_243)"  hits="19"  signature="()V" >
				<lines><line number="1922"  hits="19" /></lines>
			</method>
			<method name="ClustererMarkerManager"  hits="10"  signature="()V" >
				<lines><line number="1925"  hits="10" /></lines>
			</method>
			<method name="(anonymous_245)"  hits="0"  signature="()V" >
				<lines><line number="1952"  hits="0" /></lines>
			</method>
			<method name="(anonymous_246)"  hits="0"  signature="()V" >
				<lines><line number="1960"  hits="0" /></lines>
			</method>
			<method name="(anonymous_247)"  hits="0"  signature="()V" >
				<lines><line number="1967"  hits="0" /></lines>
			</method>
			<method name="(anonymous_248)"  hits="0"  signature="()V" >
				<lines><line number="1972"  hits="0" /></lines>
			</method>
			<method name="(anonymous_249)"  hits="0"  signature="()V" >
				<lines><line number="1973"  hits="0" /></lines>
			</method>
			<method name="(anonymous_250)"  hits="0"  signature="()V" >
				<lines><line number="1974"  hits="0" /></lines>
			</method>
			<method name="(anonymous_251)"  hits="0"  signature="()V" >
				<lines><line number="1980"  hits="0" /></lines>
			</method>
			<method name="(anonymous_252)"  hits="0"  signature="()V" >
				<lines><line number="1991"  hits="0" /></lines>
			</method>
			<method name="(anonymous_253)"  hits="0"  signature="()V" >
				<lines><line number="1992"  hits="0" /></lines>
			</method>
			<method name="(anonymous_254)"  hits="0"  signature="()V" >
				<lines><line number="1993"  hits="0" /></lines>
			</method>
			<method name="(anonymous_255)"  hits="0"  signature="()V" >
				<lines><line number="1999"  hits="0" /></lines>
			</method>
			<method name="(anonymous_256)"  hits="0"  signature="()V" >
				<lines><line number="2003"  hits="0" /></lines>
			</method>
			<method name="(anonymous_257)"  hits="10"  signature="()V" >
				<lines><line number="2008"  hits="10" /></lines>
			</method>
			<method name="(anonymous_258)"  hits="0"  signature="()V" >
				<lines><line number="2026"  hits="0" /></lines>
			</method>
			<method name="(anonymous_259)"  hits="0"  signature="()V" >
				<lines><line number="2031"  hits="0" /></lines>
			</method>
			<method name="(anonymous_260)"  hits="0"  signature="()V" >
				<lines><line number="2036"  hits="0" /></lines>
			</method>
			<method name="(anonymous_261)"  hits="0"  signature="()V" >
				<lines><line number="2040"  hits="0" /></lines>
			</method>
			<method name="(anonymous_262)"  hits="0"  signature="()V" >
				<lines><line number="2044"  hits="0" /></lines>
			</method>
			<method name="(anonymous_263)"  hits="1"  signature="()V" >
				<lines><line number="2054"  hits="1" /></lines>
			</method>
			<method name="(anonymous_264)"  hits="37"  signature="()V" >
				<lines><line number="2056"  hits="37" /></lines>
			</method>
			<method name="(anonymous_265)"  hits="0"  signature="()V" >
				<lines><line number="2061"  hits="0" /></lines>
			</method>
			<method name="(anonymous_266)"  hits="0"  signature="()V" >
				<lines><line number="2075"  hits="0" /></lines>
			</method>
			<method name="(anonymous_267)"  hits="1"  signature="()V" >
				<lines><line number="2089"  hits="1" /></lines>
			</method>
			<method name="(anonymous_268)"  hits="286"  signature="()V" >
				<lines><line number="2090"  hits="286" /></lines>
			</method>
			<method name="(anonymous_269)"  hits="87"  signature="()V" >
				<lines><line number="2090"  hits="87" /></lines>
			</method>
			<method name="(anonymous_270)"  hits="37"  signature="()V" >
				<lines><line number="2093"  hits="37" /></lines>
			</method>
			<method name="(anonymous_271)"  hits="37"  signature="()V" >
				<lines><line number="2095"  hits="37" /></lines>
			</method>
			<method name="MarkerManager"  hits="26"  signature="()V" >
				<lines><line number="2098"  hits="26" /></lines>
			</method>
			<method name="(anonymous_273)"  hits="34"  signature="()V" >
				<lines><line number="2117"  hits="34" /></lines>
			</method>
			<method name="(anonymous_274)"  hits="0"  signature="()V" >
				<lines><line number="2134"  hits="0" /></lines>
			</method>
			<method name="(anonymous_275)"  hits="0"  signature="()V" >
				<lines><line number="2142"  hits="0" /></lines>
			</method>
			<method name="(anonymous_276)"  hits="0"  signature="()V" >
				<lines><line number="2143"  hits="0" /></lines>
			</method>
			<method name="(anonymous_277)"  hits="0"  signature="()V" >
				<lines><line number="2144"  hits="0" /></lines>
			</method>
			<method name="(anonymous_278)"  hits="2"  signature="()V" >
				<lines><line number="2150"  hits="2" /></lines>
			</method>
			<method name="(anonymous_279)"  hits="0"  signature="()V" >
				<lines><line number="2160"  hits="0" /></lines>
			</method>
			<method name="(anonymous_280)"  hits="0"  signature="()V" >
				<lines><line number="2161"  hits="0" /></lines>
			</method>
			<method name="(anonymous_281)"  hits="0"  signature="()V" >
				<lines><line number="2162"  hits="0" /></lines>
			</method>
			<method name="(anonymous_282)"  hits="18"  signature="()V" >
				<lines><line number="2168"  hits="18" /></lines>
			</method>
			<method name="(anonymous_283)"  hits="18"  signature="()V" >
				<lines><line number="2171"  hits="18" /></lines>
			</method>
			<method name="(anonymous_284)"  hits="25"  signature="()V" >
				<lines><line number="2172"  hits="25" /></lines>
			</method>
			<method name="(anonymous_285)"  hits="18"  signature="()V" >
				<lines><line number="2183"  hits="18" /></lines>
			</method>
			<method name="(anonymous_286)"  hits="0"  signature="()V" >
				<lines><line number="2184"  hits="0" /></lines>
			</method>
			<method name="(anonymous_287)"  hits="0"  signature="()V" >
				<lines><line number="2191"  hits="0" /></lines>
			</method>
			<method name="(anonymous_288)"  hits="1"  signature="()V" >
				<lines><line number="2195"  hits="1" /></lines>
			</method>
			<method name="(anonymous_289)"  hits="0"  signature="()V" >
				<lines><line number="2196"  hits="0" /></lines>
			</method>
			<method name="(anonymous_290)"  hits="30"  signature="()V" >
				<lines><line number="2203"  hits="30" /></lines>
			</method>
			<method name="(anonymous_291)"  hits="0"  signature="()V" >
				<lines><line number="2217"  hits="0" /></lines>
			</method>
			<method name="(anonymous_292)"  hits="2"  signature="()V" >
				<lines><line number="2221"  hits="2" /></lines>
			</method>
			<method name="(anonymous_293)"  hits="1"  signature="()V" >
				<lines><line number="2233"  hits="1" /></lines>
			</method>
			<method name="(anonymous_294)"  hits="0"  signature="()V" >
				<lines><line number="2234"  hits="0" /></lines>
			</method>
			<method name="(anonymous_295)"  hits="0"  signature="()V" >
				<lines><line number="2234"  hits="0" /></lines>
			</method>
			<method name="(anonymous_296)"  hits="19"  signature="()V" >
				<lines><line number="2237"  hits="19" /></lines>
			</method>
			<method name="(anonymous_297)"  hits="19"  signature="()V" >
				<lines><line number="2239"  hits="19" /></lines>
			</method>
			<method name="SpiderfierMarkerManager"  hits="0"  signature="()V" >
				<lines><line number="2242"  hits="0" /></lines>
			</method>
			<method name="(anonymous_299)"  hits="0"  signature="()V" >
				<lines><line number="2270"  hits="0" /></lines>
			</method>
			<method name="(anonymous_300)"  hits="0"  signature="()V" >
				<lines><line number="2278"  hits="0" /></lines>
			</method>
			<method name="(anonymous_301)"  hits="0"  signature="()V" >
				<lines><line number="2286"  hits="0" /></lines>
			</method>
			<method name="(anonymous_302)"  hits="0"  signature="()V" >
				<lines><line number="2291"  hits="0" /></lines>
			</method>
			<method name="(anonymous_303)"  hits="0"  signature="()V" >
				<lines><line number="2292"  hits="0" /></lines>
			</method>
			<method name="(anonymous_304)"  hits="0"  signature="()V" >
				<lines><line number="2293"  hits="0" /></lines>
			</method>
			<method name="(anonymous_305)"  hits="0"  signature="()V" >
				<lines><line number="2299"  hits="0" /></lines>
			</method>
			<method name="(anonymous_306)"  hits="0"  signature="()V" >
				<lines><line number="2311"  hits="0" /></lines>
			</method>
			<method name="(anonymous_307)"  hits="0"  signature="()V" >
				<lines><line number="2312"  hits="0" /></lines>
			</method>
			<method name="(anonymous_308)"  hits="0"  signature="()V" >
				<lines><line number="2313"  hits="0" /></lines>
			</method>
			<method name="(anonymous_309)"  hits="0"  signature="()V" >
				<lines><line number="2319"  hits="0" /></lines>
			</method>
			<method name="(anonymous_310)"  hits="0"  signature="()V" >
				<lines><line number="2321"  hits="0" /></lines>
			</method>
			<method name="(anonymous_311)"  hits="0"  signature="()V" >
				<lines><line number="2325"  hits="0" /></lines>
			</method>
			<method name="(anonymous_312)"  hits="0"  signature="()V" >
				<lines><line number="2327"  hits="0" /></lines>
			</method>
			<method name="(anonymous_313)"  hits="0"  signature="()V" >
				<lines><line number="2328"  hits="0" /></lines>
			</method>
			<method name="(anonymous_314)"  hits="0"  signature="()V" >
				<lines><line number="2331"  hits="0" /></lines>
			</method>
			<method name="(anonymous_315)"  hits="0"  signature="()V" >
				<lines><line number="2344"  hits="0" /></lines>
			</method>
			<method name="(anonymous_316)"  hits="0"  signature="()V" >
				<lines><line number="2357"  hits="0" /></lines>
			</method>
			<method name="(anonymous_317)"  hits="0"  signature="()V" >
				<lines><line number="2362"  hits="0" /></lines>
			</method>
			<method name="(anonymous_318)"  hits="0"  signature="()V" >
				<lines><line number="2366"  hits="0" /></lines>
			</method>
			<method name="(anonymous_319)"  hits="0"  signature="()V" >
				<lines><line number="2370"  hits="0" /></lines>
			</method>
			<method name="(anonymous_320)"  hits="0"  signature="()V" >
				<lines><line number="2371"  hits="0" /></lines>
			</method>
			<method name="(anonymous_321)"  hits="0"  signature="()V" >
				<lines><line number="2376"  hits="0" /></lines>
			</method>
			<method name="(anonymous_322)"  hits="1"  signature="()V" >
				<lines><line number="2385"  hits="1" /></lines>
			</method>
			<method name="(anonymous_323)"  hits="9"  signature="()V" >
				<lines><line number="2387"  hits="9" /></lines>
			</method>
			<method name="(anonymous_324)"  hits="6"  signature="()V" >
				<lines><line number="2389"  hits="6" /></lines>
			</method>
			<method name="(anonymous_325)"  hits="0"  signature="()V" >
				<lines><line number="2390"  hits="0" /></lines>
			</method>
			<method name="(anonymous_326)"  hits="0"  signature="()V" >
				<lines><line number="2392"  hits="0" /></lines>
			</method>
			<method name="(anonymous_327)"  hits="2"  signature="()V" >
				<lines><line number="2395"  hits="2" /></lines>
			</method>
			<method name="(anonymous_328)"  hits="6"  signature="()V" >
				<lines><line number="2401"  hits="6" /></lines>
			</method>
			<method name="(anonymous_329)"  hits="0"  signature="()V" >
				<lines><line number="2404"  hits="0" /></lines>
			</method>
			<method name="(anonymous_330)"  hits="0"  signature="()V" >
				<lines><line number="2405"  hits="0" /></lines>
			</method>
			<method name="(anonymous_331)"  hits="1"  signature="()V" >
				<lines><line number="2416"  hits="1" /></lines>
			</method>
			<method name="(anonymous_332)"  hits="9"  signature="()V" >
				<lines><line number="2418"  hits="9" /></lines>
			</method>
			<method name="(anonymous_333)"  hits="6"  signature="()V" >
				<lines><line number="2419"  hits="6" /></lines>
			</method>
			<method name="(anonymous_334)"  hits="0"  signature="()V" >
				<lines><line number="2425"  hits="0" /></lines>
			</method>
			<method name="(anonymous_335)"  hits="0"  signature="()V" >
				<lines><line number="2441"  hits="0" /></lines>
			</method>
			<method name="(anonymous_336)"  hits="0"  signature="()V" >
				<lines><line number="2459"  hits="0" /></lines>
			</method>
			<method name="(anonymous_337)"  hits="0"  signature="()V" >
				<lines><line number="2473"  hits="0" /></lines>
			</method>
			<method name="(anonymous_338)"  hits="0"  signature="()V" >
				<lines><line number="2488"  hits="0" /></lines>
			</method>
			<method name="(anonymous_339)"  hits="0"  signature="()V" >
				<lines><line number="2502"  hits="0" /></lines>
			</method>
			<method name="(anonymous_340)"  hits="2"  signature="()V" >
				<lines><line number="2511"  hits="2" /></lines>
			</method>
			<method name="(anonymous_341)"  hits="0"  signature="()V" >
				<lines><line number="2559"  hits="0" /></lines>
			</method>
			<method name="(anonymous_342)"  hits="0"  signature="()V" >
				<lines><line number="2610"  hits="0" /></lines>
			</method>
			<method name="(anonymous_343)"  hits="1"  signature="()V" >
				<lines><line number="2625"  hits="1" /></lines>
			</method>
			<method name="(anonymous_344)"  hits="7"  signature="()V" >
				<lines><line number="2627"  hits="7" /></lines>
			</method>
			<method name="(anonymous_345)"  hits="0"  signature="()V" >
				<lines><line number="2629"  hits="0" /></lines>
			</method>
			<method name="(anonymous_346)"  hits="0"  signature="()V" >
				<lines><line number="2632"  hits="0" /></lines>
			</method>
			<method name="(anonymous_347)"  hits="1"  signature="()V" >
				<lines><line number="2642"  hits="1" /></lines>
			</method>
			<method name="(anonymous_348)"  hits="0"  signature="()V" >
				<lines><line number="2643"  hits="0" /></lines>
			</method>
			<method name="(anonymous_349)"  hits="0"  signature="()V" >
				<lines><line number="2647"  hits="0" /></lines>
			</method>
			<method name="(anonymous_350)"  hits="0"  signature="()V" >
				<lines><line number="2648"  hits="0" /></lines>
			</method>
			<method name="(anonymous_351)"  hits="0"  signature="()V" >
				<lines><line number="2649"  hits="0" /></lines>
			</method>
			<method name="(anonymous_352)"  hits="0"  signature="()V" >
				<lines><line number="2658"  hits="0" /></lines>
			</method>
			<method name="(anonymous_353)"  hits="0"  signature="()V" >
				<lines><line number="2659"  hits="0" /></lines>
			</method>
			<method name="(anonymous_354)"  hits="0"  signature="()V" >
				<lines><line number="2660"  hits="0" /></lines>
			</method>
			<method name="(anonymous_355)"  hits="0"  signature="()V" >
				<lines><line number="2672"  hits="0" /></lines>
			</method>
			<method name="(anonymous_356)"  hits="0"  signature="()V" >
				<lines><line number="2673"  hits="0" /></lines>
			</method>
			<method name="(anonymous_357)"  hits="1"  signature="()V" >
				<lines><line number="2682"  hits="1" /></lines>
			</method>
			<method name="(anonymous_358)"  hits="0"  signature="()V" >
				<lines><line number="2683"  hits="0" /></lines>
			</method>
			<method name="(anonymous_359)"  hits="0"  signature="()V" >
				<lines><line number="2683"  hits="0" /></lines>
			</method>
			<method name="(anonymous_360)"  hits="18"  signature="()V" >
				<lines><line number="2684"  hits="18" /></lines>
			</method>
			<method name="ctor"  hits="18"  signature="()V" >
				<lines><line number="2684"  hits="18" /></lines>
			</method>
			<method name="(anonymous_362)"  hits="18"  signature="()V" >
				<lines><line number="2688"  hits="18" /></lines>
			</method>
			<method name="(anonymous_363)"  hits="18"  signature="()V" >
				<lines><line number="2690"  hits="18" /></lines>
			</method>
			<method name="CommonOptionsBuilder"  hits="0"  signature="()V" >
				<lines><line number="2693"  hits="0" /></lines>
			</method>
			<method name="(anonymous_365)"  hits="44"  signature="()V" >
				<lines><line number="2706"  hits="44" /></lines>
			</method>
			<method name="(anonymous_366)"  hits="23"  signature="()V" >
				<lines><line number="2714"  hits="23" /></lines>
			</method>
			<method name="(anonymous_367)"  hits="23"  signature="()V" >
				<lines><line number="2747"  hits="23" /></lines>
			</method>
			<method name="(anonymous_368)"  hits="190"  signature="()V" >
				<lines><line number="2748"  hits="190" /></lines>
			</method>
			<method name="(anonymous_369)"  hits="16"  signature="()V" >
				<lines><line number="2764"  hits="16" /></lines>
			</method>
			<method name="(anonymous_370)"  hits="16"  signature="()V" >
				<lines><line number="2768"  hits="16" /></lines>
			</method>
			<method name="(anonymous_371)"  hits="144"  signature="()V" >
				<lines><line number="2769"  hits="144" /></lines>
			</method>
			<method name="(anonymous_372)"  hits="1"  signature="()V" >
				<lines><line number="2788"  hits="1" /></lines>
			</method>
			<method name="(anonymous_373)"  hits="33"  signature="()V" >
				<lines><line number="2789"  hits="33" /></lines>
			</method>
			<method name="ctor"  hits="33"  signature="()V" >
				<lines><line number="2789"  hits="33" /></lines>
			</method>
			<method name="(anonymous_375)"  hits="3"  signature="()V" >
				<lines><line number="2793"  hits="3" /></lines>
			</method>
			<method name="(anonymous_376)"  hits="3"  signature="()V" >
				<lines><line number="2795"  hits="3" /></lines>
			</method>
			<method name="PolylineOptionsBuilder"  hits="0"  signature="()V" >
				<lines><line number="2798"  hits="0" /></lines>
			</method>
			<method name="(anonymous_378)"  hits="2"  signature="()V" >
				<lines><line number="2802"  hits="2" /></lines>
			</method>
			<method name="(anonymous_379)"  hits="15"  signature="()V" >
				<lines><line number="2815"  hits="15" /></lines>
			</method>
			<method name="(anonymous_380)"  hits="15"  signature="()V" >
				<lines><line number="2817"  hits="15" /></lines>
			</method>
			<method name="ShapeOptionsBuilder"  hits="0"  signature="()V" >
				<lines><line number="2820"  hits="0" /></lines>
			</method>
			<method name="(anonymous_382)"  hits="21"  signature="()V" >
				<lines><line number="2824"  hits="21" /></lines>
			</method>
			<method name="(anonymous_383)"  hits="6"  signature="()V" >
				<lines><line number="2840"  hits="6" /></lines>
			</method>
			<method name="(anonymous_384)"  hits="6"  signature="()V" >
				<lines><line number="2842"  hits="6" /></lines>
			</method>
			<method name="PolygonOptionsBuilder"  hits="0"  signature="()V" >
				<lines><line number="2845"  hits="0" /></lines>
			</method>
			<method name="(anonymous_386)"  hits="4"  signature="()V" >
				<lines><line number="2849"  hits="4" /></lines>
			</method>
			<method name="(anonymous_387)"  hits="0"  signature="()V" >
				<lines><line number="2862"  hits="0" /></lines>
			</method>
			<method name="(anonymous_388)"  hits="0"  signature="()V" >
				<lines><line number="2864"  hits="0" /></lines>
			</method>
			<method name="RectangleOptionsBuilder"  hits="0"  signature="()V" >
				<lines><line number="2867"  hits="0" /></lines>
			</method>
			<method name="(anonymous_390)"  hits="0"  signature="()V" >
				<lines><line number="2871"  hits="0" /></lines>
			</method>
			<method name="(anonymous_391)"  hits="9"  signature="()V" >
				<lines><line number="2882"  hits="9" /></lines>
			</method>
			<method name="(anonymous_392)"  hits="9"  signature="()V" >
				<lines><line number="2884"  hits="9" /></lines>
			</method>
			<method name="CircleOptionsBuilder"  hits="0"  signature="()V" >
				<lines><line number="2887"  hits="0" /></lines>
			</method>
			<method name="(anonymous_394)"  hits="17"  signature="()V" >
				<lines><line number="2891"  hits="17" /></lines>
			</method>
			<method name="(anonymous_395)"  hits="1"  signature="()V" >
				<lines><line number="2905"  hits="1" /></lines>
			</method>
			<method name="(anonymous_396)"  hits="39"  signature="()V" >
				<lines><line number="2907"  hits="39" /></lines>
			</method>
			<method name="(anonymous_397)"  hits="32"  signature="()V" >
				<lines><line number="2909"  hits="32" /></lines>
			</method>
			<method name="(anonymous_398)"  hits="88"  signature="()V" >
				<lines><line number="2928"  hits="88" /></lines>
			</method>
			<method name="(anonymous_399)"  hits="1"  signature="()V" >
				<lines><line number="2939"  hits="1" /></lines>
			</method>
			<method name="(anonymous_400)"  hits="6"  signature="()V" >
				<lines><line number="2940"  hits="6" /></lines>
			</method>
			<method name="(anonymous_401)"  hits="0"  signature="()V" >
				<lines><line number="2940"  hits="0" /></lines>
			</method>
			<method name="(anonymous_402)"  hits="9"  signature="()V" >
				<lines><line number="2941"  hits="9" /></lines>
			</method>
			<method name="ctor"  hits="9"  signature="()V" >
				<lines><line number="2941"  hits="9" /></lines>
			</method>
			<method name="(anonymous_404)"  hits="9"  signature="()V" >
				<lines><line number="2945"  hits="9" /></lines>
			</method>
			<method name="(anonymous_405)"  hits="9"  signature="()V" >
				<lines><line number="2946"  hits="9" /></lines>
			</method>
			<method name="(anonymous_406)"  hits="9"  signature="()V" >
				<lines><line number="2948"  hits="9" /></lines>
			</method>
			<method name="BasePolyChildModel"  hits="6"  signature="()V" >
				<lines><line number="2953"  hits="6" /></lines>
			</method>
			<method name="(anonymous_408)"  hits="6"  signature="()V" >
				<lines><line number="2964"  hits="6" /></lines>
			</method>
			<method name="(anonymous_409)"  hits="0"  signature="()V" >
				<lines><line number="2965"  hits="0" /></lines>
			</method>
			<method name="(anonymous_410)"  hits="0"  signature="()V" >
				<lines><line number="2966"  hits="0" /></lines>
			</method>
			<method name="(anonymous_411)"  hits="6"  signature="()V" >
				<lines><line number="2971"  hits="6" /></lines>
			</method>
			<method name="(anonymous_412)"  hits="0"  signature="()V" >
				<lines><line number="2972"  hits="0" /></lines>
			</method>
			<method name="(anonymous_413)"  hits="6"  signature="()V" >
				<lines><line number="2977"  hits="6" /></lines>
			</method>
			<method name="(anonymous_414)"  hits="6"  signature="()V" >
				<lines><line number="2978"  hits="6" /></lines>
			</method>
			<method name="(anonymous_415)"  hits="0"  signature="()V" >
				<lines><line number="2994"  hits="0" /></lines>
			</method>
			<method name="(anonymous_416)"  hits="6"  signature="()V" >
				<lines><line number="3012"  hits="6" /></lines>
			</method>
			<method name="(anonymous_417)"  hits="6"  signature="()V" >
				<lines><line number="3013"  hits="6" /></lines>
			</method>
			<method name="(anonymous_418)"  hits="0"  signature="()V" >
				<lines><line number="3020"  hits="0" /></lines>
			</method>
			<method name="(anonymous_419)"  hits="0"  signature="()V" >
				<lines><line number="3021"  hits="0" /></lines>
			</method>
			<method name="(anonymous_420)"  hits="4"  signature="()V" >
				<lines><line number="3031"  hits="4" /></lines>
			</method>
			<method name="(anonymous_421)"  hits="4"  signature="()V" >
				<lines><line number="3032"  hits="4" /></lines>
			</method>
			<method name="(anonymous_422)"  hits="4"  signature="()V" >
				<lines><line number="3042"  hits="4" /></lines>
			</method>
			<method name="(anonymous_423)"  hits="4"  signature="()V" >
				<lines><line number="3043"  hits="4" /></lines>
			</method>
			<method name="(anonymous_424)"  hits="4"  signature="()V" >
				<lines><line number="3053"  hits="4" /></lines>
			</method>
			<method name="(anonymous_425)"  hits="4"  signature="()V" >
				<lines><line number="3054"  hits="4" /></lines>
			</method>
			<method name="(anonymous_426)"  hits="4"  signature="()V" >
				<lines><line number="3064"  hits="4" /></lines>
			</method>
			<method name="(anonymous_427)"  hits="4"  signature="()V" >
				<lines><line number="3065"  hits="4" /></lines>
			</method>
			<method name="(anonymous_428)"  hits="4"  signature="()V" >
				<lines><line number="3074"  hits="4" /></lines>
			</method>
			<method name="(anonymous_429)"  hits="4"  signature="()V" >
				<lines><line number="3075"  hits="4" /></lines>
			</method>
			<method name="(anonymous_430)"  hits="0"  signature="()V" >
				<lines><line number="3084"  hits="0" /></lines>
			</method>
			<method name="(anonymous_431)"  hits="0"  signature="()V" >
				<lines><line number="3085"  hits="0" /></lines>
			</method>
			<method name="(anonymous_432)"  hits="0"  signature="()V" >
				<lines><line number="3094"  hits="0" /></lines>
			</method>
			<method name="(anonymous_433)"  hits="0"  signature="()V" >
				<lines><line number="3095"  hits="0" /></lines>
			</method>
			<method name="(anonymous_434)"  hits="6"  signature="()V" >
				<lines><line number="3103"  hits="6" /></lines>
			</method>
			<method name="(anonymous_435)"  hits="0"  signature="()V" >
				<lines><line number="3104"  hits="0" /></lines>
			</method>
			<method name="(anonymous_436)"  hits="4"  signature="()V" >
				<lines><line number="3110"  hits="4" /></lines>
			</method>
			<method name="(anonymous_437)"  hits="4"  signature="()V" >
				<lines><line number="3111"  hits="4" /></lines>
			</method>
			<method name="(anonymous_438)"  hits="4"  signature="()V" >
				<lines><line number="3119"  hits="4" /></lines>
			</method>
			<method name="(anonymous_439)"  hits="4"  signature="()V" >
				<lines><line number="3120"  hits="4" /></lines>
			</method>
			<method name="(anonymous_440)"  hits="0"  signature="()V" >
				<lines><line number="3128"  hits="0" /></lines>
			</method>
			<method name="(anonymous_441)"  hits="0"  signature="()V" >
				<lines><line number="3129"  hits="0" /></lines>
			</method>
			<method name="(anonymous_442)"  hits="0"  signature="()V" >
				<lines><line number="3138"  hits="0" /></lines>
			</method>
			<method name="(anonymous_443)"  hits="1"  signature="()V" >
				<lines><line number="3164"  hits="1" /></lines>
			</method>
			<method name="(anonymous_444)"  hits="0"  signature="()V" >
				<lines><line number="3166"  hits="0" /></lines>
			</method>
			<method name="(anonymous_445)"  hits="0"  signature="()V" >
				<lines><line number="3168"  hits="0" /></lines>
			</method>
			<method name="(anonymous_446)"  hits="0"  signature="()V" >
				<lines><line number="3174"  hits="0" /></lines>
			</method>
			<method name="(anonymous_447)"  hits="0"  signature="()V" >
				<lines><line number="3177"  hits="0" /></lines>
			</method>
			<method name="(anonymous_448)"  hits="0"  signature="()V" >
				<lines><line number="3192"  hits="0" /></lines>
			</method>
			<method name="(anonymous_449)"  hits="0"  signature="()V" >
				<lines><line number="3195"  hits="0" /></lines>
			</method>
			<method name="(anonymous_450)"  hits="0"  signature="()V" >
				<lines><line number="3196"  hits="0" /></lines>
			</method>
			<method name="(anonymous_451)"  hits="0"  signature="()V" >
				<lines><line number="3208"  hits="0" /></lines>
			</method>
			<method name="(anonymous_452)"  hits="0"  signature="()V" >
				<lines><line number="3209"  hits="0" /></lines>
			</method>
			<method name="(anonymous_453)"  hits="0"  signature="()V" >
				<lines><line number="3220"  hits="0" /></lines>
			</method>
			<method name="(anonymous_454)"  hits="0"  signature="()V" >
				<lines><line number="3225"  hits="0" /></lines>
			</method>
			<method name="(anonymous_455)"  hits="0"  signature="()V" >
				<lines><line number="3226"  hits="0" /></lines>
			</method>
			<method name="(anonymous_456)"  hits="0"  signature="()V" >
				<lines><line number="3231"  hits="0" /></lines>
			</method>
			<method name="(anonymous_457)"  hits="1"  signature="()V" >
				<lines><line number="3244"  hits="1" /></lines>
			</method>
			<method name="(anonymous_458)"  hits="336"  signature="()V" >
				<lines><line number="3245"  hits="336" /></lines>
			</method>
			<method name="(anonymous_459)"  hits="180"  signature="()V" >
				<lines><line number="3245"  hits="180" /></lines>
			</method>
			<method name="(anonymous_460)"  hits="37"  signature="()V" >
				<lines><line number="3246"  hits="37" /></lines>
			</method>
			<method name="ctor"  hits="37"  signature="()V" >
				<lines><line number="3246"  hits="37" /></lines>
			</method>
			<method name="(anonymous_462)"  hits="37"  signature="()V" >
				<lines><line number="3250"  hits="37" /></lines>
			</method>
			<method name="(anonymous_463)"  hits="37"  signature="()V" >
				<lines><line number="3252"  hits="37" /></lines>
			</method>
			<method name="(anonymous_464)"  hits="2"  signature="()V" >
				<lines><line number="3263"  hits="2" /></lines>
			</method>
			<method name="MarkerChildModel"  hits="28"  signature="()V" >
				<lines><line number="3277"  hits="28" /></lines>
			</method>
			<method name="(anonymous_466)"  hits="28"  signature="()V" >
				<lines><line number="3302"  hits="28" /></lines>
			</method>
			<method name="(anonymous_467)"  hits="322"  signature="()V" >
				<lines><line number="3303"  hits="322" /></lines>
			</method>
			<method name="(anonymous_468)"  hits="28"  signature="()V" >
				<lines><line number="3316"  hits="28" /></lines>
			</method>
			<method name="(anonymous_469)"  hits="0"  signature="()V" >
				<lines><line number="3317"  hits="0" /></lines>
			</method>
			<method name="(anonymous_470)"  hits="25"  signature="()V" >
				<lines><line number="3324"  hits="25" /></lines>
			</method>
			<method name="(anonymous_471)"  hits="12"  signature="()V" >
				<lines><line number="3325"  hits="12" /></lines>
			</method>
			<method name="(anonymous_472)"  hits="3"  signature="()V" >
				<lines><line number="3332"  hits="3" /></lines>
			</method>
			<method name="(anonymous_473)"  hits="0"  signature="()V" >
				<lines><line number="3333"  hits="0" /></lines>
			</method>
			<method name="(anonymous_474)"  hits="24"  signature="()V" >
				<lines><line number="3342"  hits="24" /></lines>
			</method>
			<method name="(anonymous_475)"  hits="28"  signature="()V" >
				<lines><line number="3346"  hits="28" /></lines>
			</method>
			<method name="(anonymous_476)"  hits="2"  signature="()V" >
				<lines><line number="3347"  hits="2" /></lines>
			</method>
			<method name="(anonymous_477)"  hits="2"  signature="()V" >
				<lines><line number="3355"  hits="2" /></lines>
			</method>
			<method name="(anonymous_478)"  hits="1"  signature="()V" >
				<lines><line number="3363"  hits="1" /></lines>
			</method>
			<method name="(anonymous_479)"  hits="1"  signature="()V" >
				<lines><line number="3369"  hits="1" /></lines>
			</method>
			<method name="(anonymous_480)"  hits="0"  signature="()V" >
				<lines><line number="3370"  hits="0" /></lines>
			</method>
			<method name="(anonymous_481)"  hits="2"  signature="()V" >
				<lines><line number="3381"  hits="2" /></lines>
			</method>
			<method name="(anonymous_482)"  hits="34"  signature="()V" >
				<lines><line number="3386"  hits="34" /></lines>
			</method>
			<method name="(anonymous_483)"  hits="10"  signature="()V" >
				<lines><line number="3416"  hits="10" /></lines>
			</method>
			<method name="(anonymous_484)"  hits="2"  signature="()V" >
				<lines><line number="3438"  hits="2" /></lines>
			</method>
			<method name="(anonymous_485)"  hits="8"  signature="()V" >
				<lines><line number="3439"  hits="8" /></lines>
			</method>
			<method name="(anonymous_486)"  hits="30"  signature="()V" >
				<lines><line number="3454"  hits="30" /></lines>
			</method>
			<method name="(anonymous_487)"  hits="35"  signature="()V" >
				<lines><line number="3468"  hits="35" /></lines>
			</method>
			<method name="(anonymous_488)"  hits="34"  signature="()V" >
				<lines><line number="3484"  hits="34" /></lines>
			</method>
			<method name="(anonymous_489)"  hits="2"  signature="()V" >
				<lines><line number="3494"  hits="2" /></lines>
			</method>
			<method name="(anonymous_490)"  hits="2"  signature="()V" >
				<lines><line number="3501"  hits="2" /></lines>
			</method>
			<method name="(anonymous_491)"  hits="2"  signature="()V" >
				<lines><line number="3502"  hits="2" /></lines>
			</method>
			<method name="(anonymous_492)"  hits="2"  signature="()V" >
				<lines><line number="3518"  hits="2" /></lines>
			</method>
			<method name="(anonymous_493)"  hits="2"  signature="()V" >
				<lines><line number="3525"  hits="2" /></lines>
			</method>
			<method name="(anonymous_494)"  hits="2"  signature="()V" >
				<lines><line number="3526"  hits="2" /></lines>
			</method>
			<method name="(anonymous_495)"  hits="30"  signature="()V" >
				<lines><line number="3541"  hits="30" /></lines>
			</method>
			<method name="(anonymous_496)"  hits="30"  signature="()V" >
				<lines><line number="3549"  hits="30" /></lines>
			</method>
			<method name="(anonymous_497)"  hits="30"  signature="()V" >
				<lines><line number="3550"  hits="30" /></lines>
			</method>
			<method name="(anonymous_498)"  hits="2"  signature="()V" >
				<lines><line number="3586"  hits="2" /></lines>
			</method>
			<method name="(anonymous_499)"  hits="2"  signature="()V" >
				<lines><line number="3609"  hits="2" /></lines>
			</method>
			<method name="(anonymous_500)"  hits="30"  signature="()V" >
				<lines><line number="3616"  hits="30" /></lines>
			</method>
			<method name="(anonymous_501)"  hits="30"  signature="()V" >
				<lines><line number="3618"  hits="30" /></lines>
			</method>
			<method name="(anonymous_502)"  hits="0"  signature="()V" >
				<lines><line number="3619"  hits="0" /></lines>
			</method>
			<method name="(anonymous_503)"  hits="30"  signature="()V" >
				<lines><line number="3631"  hits="30" /></lines>
			</method>
			<method name="(anonymous_504)"  hits="2"  signature="()V" >
				<lines><line number="3632"  hits="2" /></lines>
			</method>
			<method name="(anonymous_505)"  hits="1"  signature="()V" >
				<lines><line number="3651"  hits="1" /></lines>
			</method>
			<method name="(anonymous_506)"  hits="6"  signature="()V" >
				<lines><line number="3652"  hits="6" /></lines>
			</method>
			<method name="ctor"  hits="6"  signature="()V" >
				<lines><line number="3652"  hits="6" /></lines>
			</method>
			<method name="(anonymous_508)"  hits="6"  signature="()V" >
				<lines><line number="3656"  hits="6" /></lines>
			</method>
			<method name="(anonymous_509)"  hits="4"  signature="()V" >
				<lines><line number="3658"  hits="4" /></lines>
			</method>
			<method name="(anonymous_510)"  hits="6"  signature="()V" >
				<lines><line number="3662"  hits="6" /></lines>
			</method>
			<method name="PolygonChildModel"  hits="4"  signature="()V" >
				<lines><line number="3665"  hits="4" /></lines>
			</method>
			<method name="(anonymous_512)"  hits="1"  signature="()V" >
				<lines><line number="3676"  hits="1" /></lines>
			</method>
			<method name="(anonymous_513)"  hits="3"  signature="()V" >
				<lines><line number="3677"  hits="3" /></lines>
			</method>
			<method name="ctor"  hits="3"  signature="()V" >
				<lines><line number="3677"  hits="3" /></lines>
			</method>
			<method name="(anonymous_515)"  hits="3"  signature="()V" >
				<lines><line number="3681"  hits="3" /></lines>
			</method>
			<method name="(anonymous_516)"  hits="2"  signature="()V" >
				<lines><line number="3683"  hits="2" /></lines>
			</method>
			<method name="(anonymous_517)"  hits="3"  signature="()V" >
				<lines><line number="3687"  hits="3" /></lines>
			</method>
			<method name="PolylineChildModel"  hits="2"  signature="()V" >
				<lines><line number="3690"  hits="2" /></lines>
			</method>
			<method name="(anonymous_519)"  hits="1"  signature="()V" >
				<lines><line number="3701"  hits="1" /></lines>
			</method>
			<method name="(anonymous_520)"  hits="52"  signature="()V" >
				<lines><line number="3702"  hits="52" /></lines>
			</method>
			<method name="(anonymous_521)"  hits="40"  signature="()V" >
				<lines><line number="3702"  hits="40" /></lines>
			</method>
			<method name="(anonymous_522)"  hits="7"  signature="()V" >
				<lines><line number="3703"  hits="7" /></lines>
			</method>
			<method name="ctor"  hits="7"  signature="()V" >
				<lines><line number="3703"  hits="7" /></lines>
			</method>
			<method name="(anonymous_524)"  hits="7"  signature="()V" >
				<lines><line number="3707"  hits="7" /></lines>
			</method>
			<method name="(anonymous_525)"  hits="7"  signature="()V" >
				<lines><line number="3709"  hits="7" /></lines>
			</method>
			<method name="WindowChildModel"  hits="4"  signature="()V" >
				<lines><line number="3716"  hits="4" /></lines>
			</method>
			<method name="(anonymous_527)"  hits="20"  signature="()V" >
				<lines><line number="3741"  hits="20" /></lines>
			</method>
			<method name="(anonymous_528)"  hits="4"  signature="()V" >
				<lines><line number="3757"  hits="4" /></lines>
			</method>
			<method name="(anonymous_529)"  hits="0"  signature="()V" >
				<lines><line number="3758"  hits="0" /></lines>
			</method>
			<method name="(anonymous_530)"  hits="8"  signature="()V" >
				<lines><line number="3765"  hits="8" /></lines>
			</method>
			<method name="(anonymous_531)"  hits="4"  signature="()V" >
				<lines><line number="3773"  hits="4" /></lines>
			</method>
			<method name="(anonymous_532)"  hits="4"  signature="()V" >
				<lines><line number="3781"  hits="4" /></lines>
			</method>
			<method name="(anonymous_533)"  hits="4"  signature="()V" >
				<lines><line number="3782"  hits="4" /></lines>
			</method>
			<method name="(anonymous_534)"  hits="0"  signature="()V" >
				<lines><line number="3783"  hits="0" /></lines>
			</method>
			<method name="(anonymous_535)"  hits="4"  signature="()V" >
				<lines><line number="3800"  hits="4" /></lines>
			</method>
			<method name="(anonymous_536)"  hits="0"  signature="()V" >
				<lines><line number="3825"  hits="0" /></lines>
			</method>
			<method name="(anonymous_537)"  hits="4"  signature="()V" >
				<lines><line number="3828"  hits="4" /></lines>
			</method>
			<method name="(anonymous_538)"  hits="0"  signature="()V" >
				<lines><line number="3829"  hits="0" /></lines>
			</method>
			<method name="(anonymous_539)"  hits="0"  signature="()V" >
				<lines><line number="3833"  hits="0" /></lines>
			</method>
			<method name="(anonymous_540)"  hits="4"  signature="()V" >
				<lines><line number="3855"  hits="4" /></lines>
			</method>
			<method name="(anonymous_541)"  hits="4"  signature="()V" >
				<lines><line number="3858"  hits="4" /></lines>
			</method>
			<method name="(anonymous_542)"  hits="0"  signature="()V" >
				<lines><line number="3859"  hits="0" /></lines>
			</method>
			<method name="(anonymous_543)"  hits="4"  signature="()V" >
				<lines><line number="3879"  hits="4" /></lines>
			</method>
			<method name="(anonymous_544)"  hits="4"  signature="()V" >
				<lines><line number="3880"  hits="4" /></lines>
			</method>
			<method name="(anonymous_545)"  hits="0"  signature="()V" >
				<lines><line number="3881"  hits="0" /></lines>
			</method>
			<method name="(anonymous_546)"  hits="4"  signature="()V" >
				<lines><line number="3897"  hits="4" /></lines>
			</method>
			<method name="(anonymous_547)"  hits="4"  signature="()V" >
				<lines><line number="3903"  hits="4" /></lines>
			</method>
			<method name="(anonymous_548)"  hits="0"  signature="()V" >
				<lines><line number="3904"  hits="0" /></lines>
			</method>
			<method name="(anonymous_549)"  hits="8"  signature="()V" >
				<lines><line number="3928"  hits="8" /></lines>
			</method>
			<method name="(anonymous_550)"  hits="8"  signature="()V" >
				<lines><line number="3934"  hits="8" /></lines>
			</method>
			<method name="(anonymous_551)"  hits="8"  signature="()V" >
				<lines><line number="3935"  hits="8" /></lines>
			</method>
			<method name="(anonymous_552)"  hits="0"  signature="()V" >
				<lines><line number="3959"  hits="0" /></lines>
			</method>
			<method name="(anonymous_553)"  hits="0"  signature="()V" >
				<lines><line number="3960"  hits="0" /></lines>
			</method>
			<method name="(anonymous_554)"  hits="0"  signature="()V" >
				<lines><line number="3982"  hits="0" /></lines>
			</method>
			<method name="(anonymous_555)"  hits="0"  signature="()V" >
				<lines><line number="3987"  hits="0" /></lines>
			</method>
			<method name="(anonymous_556)"  hits="0"  signature="()V" >
				<lines><line number="3993"  hits="0" /></lines>
			</method>
			<method name="(anonymous_557)"  hits="0"  signature="()V" >
				<lines><line number="4005"  hits="0" /></lines>
			</method>
			<method name="(anonymous_558)"  hits="0"  signature="()V" >
				<lines><line number="4013"  hits="0" /></lines>
			</method>
			<method name="(anonymous_559)"  hits="0"  signature="()V" >
				<lines><line number="4024"  hits="0" /></lines>
			</method>
			<method name="(anonymous_560)"  hits="1"  signature="()V" >
				<lines><line number="4037"  hits="1" /></lines>
			</method>
			<method name="(anonymous_561)"  hits="33"  signature="()V" >
				<lines><line number="4038"  hits="33" /></lines>
			</method>
			<method name="(anonymous_562)"  hits="3"  signature="()V" >
				<lines><line number="4038"  hits="3" /></lines>
			</method>
			<method name="(anonymous_563)"  hits="3"  signature="()V" >
				<lines><line number="4039"  hits="3" /></lines>
			</method>
			<method name="ctor"  hits="3"  signature="()V" >
				<lines><line number="4039"  hits="3" /></lines>
			</method>
			<method name="(anonymous_565)"  hits="3"  signature="()V" >
				<lines><line number="4043"  hits="3" /></lines>
			</method>
			<method name="(anonymous_566)"  hits="3"  signature="()V" >
				<lines><line number="4044"  hits="3" /></lines>
			</method>
			<method name="(anonymous_567)"  hits="3"  signature="()V" >
				<lines><line number="4046"  hits="3" /></lines>
			</method>
			<method name="BasePolysParentModel"  hits="3"  signature="()V" >
				<lines><line number="4051"  hits="3" /></lines>
			</method>
			<method name="(anonymous_569)"  hits="3"  signature="()V" >
				<lines><line number="4071"  hits="3" /></lines>
			</method>
			<method name="(anonymous_570)"  hits="42"  signature="()V" >
				<lines><line number="4072"  hits="42" /></lines>
			</method>
			<method name="(anonymous_571)"  hits="0"  signature="()V" >
				<lines><line number="4082"  hits="0" /></lines>
			</method>
			<method name="(anonymous_572)"  hits="0"  signature="()V" >
				<lines><line number="4088"  hits="0" /></lines>
			</method>
			<method name="(anonymous_573)"  hits="0"  signature="()V" >
				<lines><line number="4089"  hits="0" /></lines>
			</method>
			<method name="(anonymous_574)"  hits="0"  signature="()V" >
				<lines><line number="4101"  hits="0" /></lines>
			</method>
			<method name="(anonymous_575)"  hits="0"  signature="()V" >
				<lines><line number="4107"  hits="0" /></lines>
			</method>
			<method name="(anonymous_576)"  hits="0"  signature="()V" >
				<lines><line number="4108"  hits="0" /></lines>
			</method>
			<method name="(anonymous_577)"  hits="0"  signature="()V" >
				<lines><line number="4109"  hits="0" /></lines>
			</method>
			<method name="(anonymous_578)"  hits="0"  signature="()V" >
				<lines><line number="4117"  hits="0" /></lines>
			</method>
			<method name="(anonymous_579)"  hits="0"  signature="()V" >
				<lines><line number="4119"  hits="0" /></lines>
			</method>
			<method name="(anonymous_580)"  hits="0"  signature="()V" >
				<lines><line number="4120"  hits="0" /></lines>
			</method>
			<method name="(anonymous_581)"  hits="0"  signature="()V" >
				<lines><line number="4121"  hits="0" /></lines>
			</method>
			<method name="(anonymous_582)"  hits="0"  signature="()V" >
				<lines><line number="4123"  hits="0" /></lines>
			</method>
			<method name="(anonymous_583)"  hits="0"  signature="()V" >
				<lines><line number="4131"  hits="0" /></lines>
			</method>
			<method name="(anonymous_584)"  hits="0"  signature="()V" >
				<lines><line number="4132"  hits="0" /></lines>
			</method>
			<method name="(anonymous_585)"  hits="0"  signature="()V" >
				<lines><line number="4133"  hits="0" /></lines>
			</method>
			<method name="(anonymous_586)"  hits="3"  signature="()V" >
				<lines><line number="4139"  hits="3" /></lines>
			</method>
			<method name="(anonymous_587)"  hits="0"  signature="()V" >
				<lines><line number="4158"  hits="0" /></lines>
			</method>
			<method name="(anonymous_588)"  hits="0"  signature="()V" >
				<lines><line number="4160"  hits="0" /></lines>
			</method>
			<method name="(anonymous_589)"  hits="0"  signature="()V" >
				<lines><line number="4161"  hits="0" /></lines>
			</method>
			<method name="(anonymous_590)"  hits="0"  signature="()V" >
				<lines><line number="4170"  hits="0" /></lines>
			</method>
			<method name="(anonymous_591)"  hits="0"  signature="()V" >
				<lines><line number="4184"  hits="0" /></lines>
			</method>
			<method name="(anonymous_592)"  hits="0"  signature="()V" >
				<lines><line number="4186"  hits="0" /></lines>
			</method>
			<method name="(anonymous_593)"  hits="0"  signature="()V" >
				<lines><line number="4187"  hits="0" /></lines>
			</method>
			<method name="(anonymous_594)"  hits="0"  signature="()V" >
				<lines><line number="4188"  hits="0" /></lines>
			</method>
			<method name="(anonymous_595)"  hits="0"  signature="()V" >
				<lines><line number="4197"  hits="0" /></lines>
			</method>
			<method name="(anonymous_596)"  hits="0"  signature="()V" >
				<lines><line number="4205"  hits="0" /></lines>
			</method>
			<method name="(anonymous_597)"  hits="0"  signature="()V" >
				<lines><line number="4217"  hits="0" /></lines>
			</method>
			<method name="(anonymous_598)"  hits="0"  signature="()V" >
				<lines><line number="4219"  hits="0" /></lines>
			</method>
			<method name="(anonymous_599)"  hits="0"  signature="()V" >
				<lines><line number="4220"  hits="0" /></lines>
			</method>
			<method name="(anonymous_600)"  hits="0"  signature="()V" >
				<lines><line number="4221"  hits="0" /></lines>
			</method>
			<method name="(anonymous_601)"  hits="0"  signature="()V" >
				<lines><line number="4223"  hits="0" /></lines>
			</method>
			<method name="(anonymous_602)"  hits="0"  signature="()V" >
				<lines><line number="4226"  hits="0" /></lines>
			</method>
			<method name="(anonymous_603)"  hits="0"  signature="()V" >
				<lines><line number="4231"  hits="0" /></lines>
			</method>
			<method name="(anonymous_604)"  hits="0"  signature="()V" >
				<lines><line number="4238"  hits="0" /></lines>
			</method>
			<method name="(anonymous_605)"  hits="0"  signature="()V" >
				<lines><line number="4239"  hits="0" /></lines>
			</method>
			<method name="(anonymous_606)"  hits="0"  signature="()V" >
				<lines><line number="4245"  hits="0" /></lines>
			</method>
			<method name="(anonymous_607)"  hits="0"  signature="()V" >
				<lines><line number="4257"  hits="0" /></lines>
			</method>
			<method name="(anonymous_608)"  hits="0"  signature="()V" >
				<lines><line number="4261"  hits="0" /></lines>
			</method>
			<method name="(anonymous_609)"  hits="0"  signature="()V" >
				<lines><line number="4262"  hits="0" /></lines>
			</method>
			<method name="(anonymous_610)"  hits="0"  signature="()V" >
				<lines><line number="4269"  hits="0" /></lines>
			</method>
			<method name="(anonymous_611)"  hits="0"  signature="()V" >
				<lines><line number="4270"  hits="0" /></lines>
			</method>
			<method name="(anonymous_612)"  hits="0"  signature="()V" >
				<lines><line number="4282"  hits="0" /></lines>
			</method>
			<method name="(anonymous_613)"  hits="0"  signature="()V" >
				<lines><line number="4284"  hits="0" /></lines>
			</method>
			<method name="(anonymous_614)"  hits="1"  signature="()V" >
				<lines><line number="4302"  hits="1" /></lines>
			</method>
			<method name="(anonymous_615)"  hits="9"  signature="()V" >
				<lines><line number="4303"  hits="9" /></lines>
			</method>
			<method name="ctor"  hits="9"  signature="()V" >
				<lines><line number="4303"  hits="9" /></lines>
			</method>
			<method name="(anonymous_617)"  hits="9"  signature="()V" >
				<lines><line number="4307"  hits="9" /></lines>
			</method>
			<method name="(anonymous_618)"  hits="11"  signature="()V" >
				<lines><line number="4309"  hits="11" /></lines>
			</method>
			<method name="(anonymous_619)"  hits="10"  signature="()V" >
				<lines><line number="4312"  hits="10" /></lines>
			</method>
[...]
			<line number="14830"  hits="1"  branch="false" />
			<line number="14831"  hits="1"  branch="true"  condition-coverage="100% (4/4)" />
			<line number="14832"  hits="1"  branch="false" />
			<line number="14834"  hits="1"  branch="false" />
			<line number="14835"  hits="1"  branch="true"  condition-coverage="100% (2/2)" />
			<line number="14836"  hits="1"  branch="false" />
			<line number="14841"  hits="1"  branch="false" />
			<line number="14844"  hits="1"  branch="true"  condition-coverage="100% (2/2)" />
			<line number="14845"  hits="1"  branch="false" />
			<line number="14847"  hits="1"  branch="false" />
			<line number="14852"  hits="19"  branch="false" />
			<line number="14853"  hits="1"  branch="false" />
			<line number="14854"  hits="1"  branch="true"  condition-coverage="100% (2/2)" />
			<line number="14855"  hits="1"  branch="false" />
			<line number="14857"  hits="1"  branch="true"  condition-coverage="100% (2/2)" />
			<line number="14858"  hits="1"  branch="false" />
			<line number="14860"  hits="1"  branch="false" />
			<line number="14861"  hits="1"  branch="false" />
			<line number="14862"  hits="1"  branch="false" />
			<line number="14863"  hits="1"  branch="false" />
			<line number="14864"  hits="1"  branch="false" />
			<line number="14865"  hits="1"  branch="false" />
			<line number="14866"  hits="1"  branch="false" />
			<line number="14867"  hits="1"  branch="true"  condition-coverage="100% (5/5)" />
			<line number="14868"  hits="1"  branch="false" />
			<line number="14870"  hits="1"  branch="true"  condition-coverage="100% (4/4)" />
			<line number="14871"  hits="1"  branch="true"  condition-coverage="100% (2/2)" />
			<line number="14872"  hits="1"  branch="false" />
			<line number="14873"  hits="1"  branch="true"  condition-coverage="100% (2/2)" />
			<line number="14874"  hits="1"  branch="false" />
			<line number="14878"  hits="1"  branch="false" />
			<line number="14881"  hits="19"  branch="false" />
			<line number="14882"  hits="1"  branch="false" />
			<line number="14883"  hits="1"  branch="true"  condition-coverage="100% (2/2)" />
			<line number="14884"  hits="1"  branch="false" />
			<line number="14886"  hits="1"  branch="false" />
			<line number="14887"  hits="1"  branch="false" />
			<line number="14888"  hits="1"  branch="false" />
			<line number="14889"  hits="1"  branch="false" />
			<line number="14890"  hits="1"  branch="false" />
			<line number="14891"  hits="1"  branch="false" />
			<line number="14892"  hits="1"  branch="false" />
			<line number="14893"  hits="1"  branch="false" />
			<line number="14894"  hits="1"  branch="false" />
			<line number="14899"  hits="1"  branch="false" />
			<line number="14901"  hits="1"  branch="false" />
			<line number="14902"  hits="1"  branch="false" />
			<line number="14903"  hits="1"  branch="false" />
			<line number="14904"  hits="1"  branch="true"  condition-coverage="100% (4/4)" />
			<line number="14905"  hits="1"  branch="false" />
			<line number="14907"  hits="1"  branch="false" />
			<line number="14908"  hits="1"  branch="true"  condition-coverage="100% (2/2)" />
			<line number="14909"  hits="1"  branch="false" />
			<line number="14911"  hits="1"  branch="false" />
			<line number="14912"  hits="1"  branch="false" />
			<line number="14913"  hits="1"  branch="false" />
			<line number="14914"  hits="1"  branch="true"  condition-coverage="100% (2/2)" />
			<line number="14915"  hits="1"  branch="false" />
			<line number="14917"  hits="1"  branch="true"  condition-coverage="100% (4/4)" />
			<line number="14918"  hits="1"  branch="false" />
			<line number="14920"  hits="1"  branch="false" />
			<line number="14921"  hits="1"  branch="true"  condition-coverage="100% (4/4)" />
			<line number="14922"  hits="1"  branch="false" />
			<line number="14924"  hits="1"  branch="true"  condition-coverage="100% (2/2)" />
			<line number="14925"  hits="1"  branch="false" />
			<line number="14926"  hits="1"  branch="false" />
			<line number="14930"  hits="1"  branch="false" />
			<line number="14931"  hits="1"  branch="false" />
			<line number="14932"  hits="1"  branch="false" />
			<line number="14933"  hits="1"  branch="false" />
			<line number="14934"  hits="1"  branch="true"  condition-coverage="100% (2/2)" />
			<line number="14935"  hits="1"  branch="false" />
			<line number="14938"  hits="1"  branch="false" />
			<line number="14941"  hits="19"  branch="false" />
			<line number="14942"  hits="1"  branch="false" />
			<line number="14944"  hits="1"  branch="false" />
			<line number="14945"  hits="1"  branch="false" />
			<line number="14952"  hits="1"  branch="false" />
			<line number="14953"  hits="1"  branch="false" />
			<line number="14962"  hits="19"  branch="false" />
			<line number="14963"  hits="1"  branch="false" />
			<line number="14964"  hits="1"  branch="true"  condition-coverage="100% (4/4)" />
			<line number="14965"  hits="1"  branch="false" />
			<line number="14967"  hits="1"  branch="false" />
			<line number="14968"  hits="1"  branch="false" />
			<line number="14969"  hits="1"  branch="false" />
			<line number="14970"  hits="1"  branch="false" />
			<line number="14971"  hits="1"  branch="false" />
			<line number="14972"  hits="1"  branch="false" />
			<line number="14973"  hits="1"  branch="false" />
			<line number="14974"  hits="1"  branch="false" />
			<line number="14976"  hits="1"  branch="false" />
			<line number="14978"  hits="1"  branch="true"  condition-coverage="100% (2/2)" />
			<line number="14979"  hits="1"  branch="false" />
			<line number="14980"  hits="1"  branch="false" />
			<line number="14981"  hits="1"  branch="false" />
			<line number="14982"  hits="1"  branch="false" />
			<line number="14983"  hits="1"  branch="false" />
			<line number="14984"  hits="1"  branch="false" />
			<line number="14985"  hits="1"  branch="false" />
			<line number="14986"  hits="1"  branch="false" />
			<line number="14987"  hits="1"  branch="false" />
			<line number="14990"  hits="1"  branch="false" />
			<line number="14991"  hits="1"  branch="false" />
			<line number="14998"  hits="1"  branch="false" />
			<line number="15002"  hits="1"  branch="true"  condition-coverage="100% (2/2)" />
			<line number="15003"  hits="1"  branch="false" />
			<line number="15004"  hits="1"  branch="false" />
			<line number="15009"  hits="1"  branch="false" />
			<line number="15010"  hits="1"  branch="false" />
			<line number="15011"  hits="1"  branch="false" />
			<line number="15013"  hits="1"  branch="false" />
			<line number="15015"  hits="1"  branch="false" />
			<line number="15016"  hits="1"  branch="false" />
			<line number="15017"  hits="1"  branch="false" />
			<line number="15020"  hits="19"  branch="false" />
			<line number="15021"  hits="1"  branch="false" />
			<line number="15022"  hits="1"  branch="true"  condition-coverage="100% (2/2)" />
			<line number="15023"  hits="1"  branch="false" />
			<line number="15025"  hits="1"  branch="true"  condition-coverage="100% (2/2)" />
			<line number="15026"  hits="1"  branch="false" />
			<line number="15028"  hits="1"  branch="false" />
			<line number="15029"  hits="1"  branch="false" />
			<line number="15030"  hits="1"  branch="false" />
			<line number="15031"  hits="1"  branch="false" />
			<line number="15032"  hits="1"  branch="false" />
			<line number="15033"  hits="1"  branch="false" />
			<line number="15034"  hits="1"  branch="true"  condition-coverage="100% (2/2)" />
			<line number="15035"  hits="1"  branch="false" />
			<line number="15036"  hits="1"  branch="true"  condition-coverage="100% (2/2)" />
			<line number="15037"  hits="1"  branch="false" />
			<line number="15039"  hits="1"  branch="false" />
			<line number="15040"  hits="1"  branch="false" />
			<line number="15041"  hits="1"  branch="true"  condition-coverage="100% (2/2)" />
			<line number="15042"  hits="1"  branch="false" />
			<line number="15043"  hits="1"  branch="false" />
			<line number="15045"  hits="1"  branch="false" />
			<line number="15046"  hits="1"  branch="false" />
			<line number="15048"  hits="1"  branch="false" />
			<line number="15051"  hits="1"  branch="false" />
			<line number="15052"  hits="1"  branch="false" />
			<line number="15053"  hits="1"  branch="false" />
			<line number="15054"  hits="1"  branch="false" />
			<line number="15057"  hits="19"  branch="false" />
			<line number="15058"  hits="1"  branch="false" />
			<line number="15059"  hits="1"  branch="false" />
			<line number="15060"  hits="1"  branch="false" />
			<line number="15061"  hits="1"  branch="false" />
			<line number="15064"  hits="19"  branch="false" />
			<line number="15065"  hits="1"  branch="false" />
			<line number="15066"  hits="1"  branch="false" />
			<line number="15067"  hits="1"  branch="false" />
			<line number="15068"  hits="1"  branch="false" />
			<line number="15069"  hits="1"  branch="false" />
			<line number="15070"  hits="1"  branch="false" />
			<line number="15072"  hits="1"  branch="false" />
			<line number="15073"  hits="1"  branch="false" />
			<line number="15076"  hits="19"  branch="false" />
			<line number="15077"  hits="1"  branch="false" />
			<line number="15080"  hits="19"  branch="false" />
			<line number="15081"  hits="1"  branch="false" />
			<line number="15084"  hits="19"  branch="false" />
			<line number="15085"  hits="1"  branch="false" />
			<line number="15086"  hits="1"  branch="false" />
			<line number="15087"  hits="1"  branch="false" />
			<line number="15088"  hits="1"  branch="false" />
			<line number="15089"  hits="1"  branch="true"  condition-coverage="100% (5/5)" />
			<line number="15090"  hits="1"  branch="false" />
			<line number="15091"  hits="1"  branch="false" />
			<line number="15094"  hits="1"  branch="false" />
			<line number="15097"  hits="19"  branch="false" />
			<line number="15098"  hits="1"  branch="false" />
			<line number="15099"  hits="1"  branch="true"  condition-coverage="100% (2/2)" />
			<line number="15100"  hits="1"  branch="false" />
			<line number="15102"  hits="1"  branch="false" />
			<line number="15103"  hits="1"  branch="false" />
			<line number="15104"  hits="1"  branch="true"  condition-coverage="100% (2/2)" />
			<line number="15105"  hits="1"  branch="false" />
			<line number="15108"  hits="1"  branch="false" />
			<line number="15111"  hits="19"  branch="false" />
			<line number="15117"  hits="19"  branch="false" />
			<line number="15118"  hits="8"  branch="false" />
			<line number="15120"  hits="19"  branch="false" />
			<line number="15127"  hits="1"  branch="false" />
			<line number="15129"  hits="47"  branch="false" />
			<line number="15131"  hits="46"  branch="false" />
			<line number="15132"  hits="46"  branch="false" />
			<line number="15134"  hits="92"  branch="false" />
			<line number="15135"  hits="276"  branch="true"  condition-coverage="50% (1/2)" />
			<line number="15137"  hits="1"  branch="false" />
			<line number="15138"  hits="92"  branch="false" />
			<line number="15141"  hits="92"  branch="false" />
			<line number="15142"  hits="92"  branch="false" />
			<line number="15143"  hits="92"  branch="false" />
			<line number="15144"  hits="92"  branch="false" />
			<line number="15147"  hits="46"  branch="false" />
			<line number="15148"  hits="46"  branch="false" />
			<line number="15150"  hits="1"  branch="false" />
			<line number="15151"  hits="0"  branch="false" />
			<line number="15152"  hits="0"  branch="false" />
			<line number="15162"  hits="46"  branch="false" />
			<line number="15163"  hits="0"  branch="false" />
			<line number="15164"  hits="0"  branch="false" />
			<line number="15165"  hits="0"  branch="false" />
			<line number="15167"  hits="0"  branch="true"  condition-coverage="0% (0/2)" />
			<line number="15168"  hits="0"  branch="false" />
			<line number="15169"  hits="0"  branch="true"  condition-coverage="0% (0/4)" />
			<line number="15170"  hits="0"  branch="false" />
			<line number="15173"  hits="0"  branch="true"  condition-coverage="0% (0/2)" />
			<line number="15174"  hits="0"  branch="false" />
			<line number="15175"  hits="0"  branch="false" />
			<line number="15177"  hits="0"  branch="true"  condition-coverage="0% (0/2)" />
			<line number="15178"  hits="0"  branch="false" />
			<line number="15179"  hits="0"  branch="false" />
			<line number="15180"  hits="0"  branch="false" />
			<line number="15181"  hits="0"  branch="false" />
			<line number="15182"  hits="0"  branch="false" />
			<line number="15185"  hits="0"  branch="false" />
			<line number="15186"  hits="0"  branch="false" />
			<line number="15188"  hits="0"  branch="false" />
			<line number="15189"  hits="0"  branch="false" />
			<line number="15190"  hits="0"  branch="true"  condition-coverage="0% (0/4)" />
			<line number="15192"  hits="0"  branch="true"  condition-coverage="0% (0/2)" />
			<line number="15193"  hits="0"  branch="false" />
			<line number="15195"  hits="0"  branch="true"  condition-coverage="0% (0/2)" />
			<line number="15197"  hits="0"  branch="true"  condition-coverage="0% (0/2)" />
			<line number="15198"  hits="0"  branch="false" />
			<line number="15200"  hits="0"  branch="true"  condition-coverage="0% (0/2)" />
			<line number="15202"  hits="0"  branch="false" />
			<line number="15203"  hits="0"  branch="false" />
			<line number="15206"  hits="0"  branch="false" />
			<line number="15210"  hits="0"  branch="false" />
			<line number="15219"  hits="46"  branch="false" />
			<line number="15220"  hits="0"  branch="false" />
			<line number="15230"  hits="46"  branch="false" />
			<line number="15231"  hits="0"  branch="false" />
			<line number="15232"  hits="0"  branch="false" />
			<line number="15233"  hits="0"  branch="false" />
			<line number="15234"  hits="0"  branch="false" />
			<line number="15236"  hits="0"  branch="false" />
			<line number="15245"  hits="46"  branch="false" />
			<line number="15246"  hits="0"  branch="false" />
			<line number="15247"  hits="0"  branch="false" />
			<line number="15248"  hits="0"  branch="false" />
			<line number="15252"  hits="46"  branch="false" />
			<line number="15257"  hits="46"  branch="false" />
			<line number="15258"  hits="46"  branch="false" />
			<line number="15260"  hits="1"  branch="false" />
			<line number="15261"  hits="10"  branch="false" />
			<line number="15262"  hits="10"  branch="false" />
			<line number="15269"  hits="46"  branch="false" />
			<line number="15270"  hits="0"  branch="false" />
			<line number="15271"  hits="0"  branch="false" />
			<line number="15279"  hits="46"  branch="false" />
			<line number="15280"  hits="0"  branch="true"  condition-coverage="0% (0/2)" />
			<line number="15281"  hits="0"  branch="false" />
			<line number="15283"  hits="0"  branch="false" />
			<line number="15284"  hits="0"  branch="false" />
			<line number="15285"  hits="0"  branch="false" />
			<line number="15295"  hits="46"  branch="false" />
			<line number="15296"  hits="0"  branch="false" />
			<line number="15297"  hits="0"  branch="false" />
			<line number="15298"  hits="0"  branch="false" />
			<line number="15299"  hits="0"  branch="true"  condition-coverage="0% (0/2)" />
			<line number="15300"  hits="0"  branch="false" />
			<line number="15304"  hits="0"  branch="true"  condition-coverage="0% (0/2)" />
			<line number="15312"  hits="0"  branch="false" />
			<line number="15314"  hits="0"  branch="true"  condition-coverage="0% (0/2)" />
			<line number="15315"  hits="0"  branch="false" />
			<line number="15316"  hits="0"  branch="false" />
			<line number="15324"  hits="0"  branch="true"  condition-coverage="0% (0/2)" />
			<line number="15325"  hits="0"  branch="false" />
			<line number="15328"  hits="0"  branch="false" />
			<line number="15330"  hits="0"  branch="false" />
			<line number="15332"  hits="0"  branch="false" />
			<line number="15334"  hits="0"  branch="false" />
			<line number="15335"  hits="0"  branch="false" />
			<line number="15336"  hits="0"  branch="false" />
			<line number="15337"  hits="0"  branch="true"  condition-coverage="0% (0/4)" />
			<line number="15338"  hits="0"  branch="true"  condition-coverage="0% (0/5)" />
			<line number="15339"  hits="0"  branch="false" />
			<line number="15344"  hits="0"  branch="true"  condition-coverage="0% (0/2)" />
			<line number="15345"  hits="0"  branch="false" />
			<line number="15346"  hits="0"  branch="false" />
			<line number="15351"  hits="0"  branch="false" />
			<line number="15352"  hits="0"  branch="false" />
			<line number="15355"  hits="0"  branch="false" />
			<line number="15364"  hits="0"  branch="false" />
			<line number="15373"  hits="46"  branch="false" />
			<line number="15374"  hits="0"  branch="false" />
			<line number="15375"  hits="0"  branch="false" />
			<line number="15376"  hits="0"  branch="false" />
			<line number="15377"  hits="0"  branch="false" />
			<line number="15378"  hits="0"  branch="false" />
			<line number="15379"  hits="0"  branch="false" />
			<line number="15380"  hits="0"  branch="true"  condition-coverage="0% (0/2)" />
			<line number="15381"  hits="0"  branch="false" />
			<line number="15382"  hits="0"  branch="true"  condition-coverage="0% (0/2)" />
			<line number="15383"  hits="0"  branch="false" />
			<line number="15384"  hits="0"  branch="false" />
			<line number="15389"  hits="0"  branch="true"  condition-coverage="0% (0/4)" />
			<line number="15390"  hits="0"  branch="false" />
			<line number="15392"  hits="0"  branch="false" />
			<line number="15393"  hits="0"  branch="false" />
			<line number="15394"  hits="0"  branch="false" />
			<line number="15401"  hits="46"  branch="false" />
			<line number="15402"  hits="0"  branch="false" />
			<line number="15413"  hits="46"  branch="false" />
			<line number="15414"  hits="0"  branch="false" />
			<line number="15416"  hits="0"  branch="false" />
			<line number="15417"  hits="0"  branch="false" />
			<line number="15419"  hits="0"  branch="false" />
			<line number="15422"  hits="0"  branch="false" />
			<line number="15423"  hits="0"  branch="false" />
			<line number="15424"  hits="0"  branch="true"  condition-coverage="0% (0/2)" />
			<line number="15425"  hits="0"  branch="false" />
			<line number="15438"  hits="46"  branch="false" />
			<line number="15439"  hits="10"  branch="false" />
			<line number="15440"  hits="10"  branch="false" />
			<line number="15441"  hits="10"  branch="false" />
			<line number="15442"  hits="10"  branch="true"  condition-coverage="50% (1/2)" />
			<line number="15443"  hits="10"  branch="false" />
			<line number="15445"  hits="10"  branch="false" />
			<line number="15456"  hits="46"  branch="false" />
			<line number="15457"  hits="0"  branch="true"  condition-coverage="0% (0/2)" />
			<line number="15458"  hits="0"  branch="false" />
			<line number="15460"  hits="0"  branch="false" />
			<line number="15461"  hits="0"  branch="false" />
			<line number="15462"  hits="0"  branch="false" />
			<line number="15463"  hits="0"  branch="false" />
			<line number="15464"  hits="0"  branch="false" />
			<line number="15465"  hits="0"  branch="false" />
			<line number="15466"  hits="0"  branch="true"  condition-coverage="0% (0/2)" />
			<line number="15467"  hits="0"  branch="false" />
			<line number="15472"  hits="0"  branch="false" />
			<line number="15475"  hits="0"  branch="false" />
			<line number="15476"  hits="0"  branch="false" />
			<line number="15490"  hits="0"  branch="true"  condition-coverage="0% (0/4)" />
			<line number="15491"  hits="0"  branch="false" />
			<line number="15493"  hits="0"  branch="false" />
			<line number="15495"  hits="0"  branch="false" />
			<line number="15497"  hits="0"  branch="false" />
			<line number="15502"  hits="46"  branch="false" />
		</lines>
		</class>
	</classes>
	</package>
</packages>
</coverage>
